TN:
SF:src\index.ts
FN:1,(empty-report)
FNF:1
FNH:0
FNDA:0,(empty-report)
DA:1,0
DA:2,0
DA:3,0
DA:5,0
DA:6,0
DA:7,0
DA:8,0
DA:9,0
DA:10,0
DA:11,0
DA:12,0
DA:13,0
DA:14,0
DA:15,0
DA:16,0
DA:18,0
DA:20,0
DA:21,0
DA:22,0
DA:23,0
DA:26,0
DA:29,0
DA:31,0
DA:32,0
DA:33,0
DA:34,0
DA:37,0
DA:38,0
DA:39,0
DA:40,0
DA:41,0
DA:43,0
DA:44,0
DA:45,0
DA:46,0
DA:47,0
DA:49,0
DA:50,0
DA:51,0
DA:52,0
DA:53,0
DA:55,0
DA:56,0
DA:57,0
DA:58,0
DA:59,0
DA:61,0
DA:62,0
DA:63,0
DA:64,0
DA:65,0
DA:66,0
DA:68,0
DA:69,0
DA:70,0
DA:71,0
DA:72,0
DA:74,0
DA:75,0
DA:76,0
DA:77,0
DA:79,0
DA:80,0
DA:81,0
DA:82,0
DA:83,0
DA:85,0
DA:86,0
DA:87,0
DA:88,0
DA:89,0
DA:91,0
DA:92,0
DA:93,0
DA:94,0
DA:95,0
DA:97,0
DA:98,0
DA:99,0
DA:100,0
DA:101,0
DA:103,0
DA:105,0
DA:106,0
DA:108,0
DA:109,0
DA:110,0
DA:111,0
DA:112,0
DA:113,0
DA:114,0
DA:115,0
DA:118,0
DA:119,0
DA:120,0
DA:121,0
DA:123,0
DA:124,0
DA:125,0
DA:126,0
LF:100
LH:0
BRDA:1,0,0,0
BRF:1
BRH:0
end_of_record
TN:
SF:src\core\graph.ts
FN:29,normalizeTarget
FN:38,normalizeNotePath
FN:45,getTitleFromPath
FN:60,buildVaultIndex
FN:86,buildVaultIndexInternal
FN:211,resolveTarget
FN:219,getBacklinksForNote
FN:227,getForwardLinksForNote
FN:249,findOrphanNotes
FN:279,findHubNotes
FNF:10
FNH:9
FNDA:1571,normalizeTarget
FNDA:1313,normalizeNotePath
FNDA:0,getTitleFromPath
FNDA:37,buildVaultIndex
FNDA:37,buildVaultIndexInternal
FNDA:192,resolveTarget
FNDA:294,getBacklinksForNote
FNDA:3,getForwardLinksForNote
FNDA:3,findOrphanNotes
FNDA:3,findHubNotes
DA:1,1
DA:16,1
DA:19,1
DA:22,1
DA:29,1571
DA:30,1571
DA:31,1571
DA:38,1313
DA:39,1313
DA:40,1313
DA:45,0
DA:46,0
DA:47,0
DA:60,37
DA:61,37
DA:62,37
DA:63,37
DA:64,37
DA:66,37
DA:67,37
DA:70,37
DA:71,37
DA:72,0
DA:73,37
DA:74,37
DA:77,37
DA:78,37
DA:79,37
DA:80,37
DA:81,37
DA:86,37
DA:87,37
DA:88,37
DA:89,37
DA:90,37
DA:92,37
DA:93,37
DA:96,37
DA:97,37
DA:98,37
DA:101,37
DA:102,37
DA:104,37
DA:105,37
DA:106,708
DA:107,707
DA:108,37
DA:109,37
DA:111,37
DA:112,708
DA:113,707
DA:114,708
DA:116,1
DA:117,1
DA:118,1
DA:119,1
DA:120,1
DA:121,708
DA:122,708
DA:125,37
DA:126,37
DA:127,37
DA:128,37
DA:129,37
DA:130,37
DA:132,37
DA:133,1
DA:134,1
DA:138,37
DA:140,37
DA:142,707
DA:143,707
DA:144,659
DA:145,659
DA:148,707
DA:149,707
DA:152,707
DA:153,216
DA:154,216
DA:155,192
DA:156,192
DA:157,216
DA:158,707
DA:162,37
DA:164,37
DA:165,707
DA:166,456
DA:169,456
DA:170,456
DA:172,456
DA:173,240
DA:174,240
DA:176,456
DA:177,456
DA:178,456
DA:180,456
DA:181,456
DA:182,707
DA:185,37
DA:187,37
DA:188,707
DA:189,216
DA:190,192
DA:191,192
DA:192,216
DA:193,216
DA:194,707
DA:196,37
DA:198,37
DA:199,37
DA:200,37
DA:201,37
DA:202,37
DA:203,37
DA:204,37
DA:205,37
DA:211,1
DA:212,192
DA:213,192
DA:214,192
DA:219,1
DA:220,294
DA:221,294
DA:222,294
DA:227,1
DA:228,3
DA:229,3
DA:230,3
DA:231,3
DA:232,3
DA:234,2
DA:235,8
DA:236,8
DA:237,8
DA:238,8
DA:239,8
DA:240,8
DA:241,8
DA:242,8
DA:243,2
DA:244,2
DA:249,1
DA:250,3
DA:251,3
DA:252,3
DA:253,3
DA:255,3
DA:257,81
DA:258,20
DA:259,20
DA:262,61
DA:263,81
DA:264,45
DA:265,45
DA:266,45
DA:267,45
DA:268,45
DA:269,45
DA:270,81
DA:273,3
DA:274,3
DA:279,1
DA:280,3
DA:281,3
DA:288,3
DA:289,3
DA:295,3
DA:297,3
DA:298,81
DA:299,81
DA:300,81
DA:302,81
DA:303,18
DA:304,18
DA:305,18
DA:306,18
DA:307,18
DA:308,18
DA:309,18
DA:310,18
DA:311,81
DA:314,3
DA:315,3
LF:183
LH:179
BRDA:29,0,0,1571
BRDA:38,1,0,1313
BRDA:60,2,0,37
BRDA:70,3,0,37
BRDA:86,4,0,37
BRDA:111,5,0,708
BRDA:112,6,0,707
BRDA:114,7,0,1
BRDA:128,8,0,1
BRDA:132,9,0,1
BRDA:140,10,0,707
BRDA:143,11,0,659
BRDA:152,12,0,216
BRDA:154,13,0,192
BRDA:164,14,0,707
BRDA:165,15,0,456
BRDA:170,16,0,312
BRDA:170,17,0,144
BRDA:172,18,0,240
BRDA:187,19,0,707
BRDA:188,20,0,216
BRDA:189,21,0,192
BRDA:105,22,0,708
BRDA:106,23,0,707
BRDA:211,24,0,192
BRDA:219,25,0,294
BRDA:221,26,0,225
BRDA:227,27,0,3
BRDA:232,28,0,1
BRDA:232,29,0,2
BRDA:234,30,0,8
BRDA:249,31,0,3
BRDA:255,32,0,81
BRDA:257,33,0,27
BRDA:257,34,0,20
BRDA:259,35,0,61
BRDA:263,36,0,45
BRDA:273,37,0,134
BRDA:279,38,0,3
BRDA:297,39,0,81
BRDA:302,40,0,18
BRDA:314,41,0,37
BRF:42
BRH:42
end_of_record
TN:
SF:src\core\parser.ts
FN:21,isBinaryContent
FN:44,extractWikilinks
FN:83,extractTags
FN:113,extractAliases
FN:141,parseNote
FN:160,parseNoteWithWarnings
FN:244,createEmptyNote
FNF:7
FNH:7
FNDA:691,isBinaryContent
FNDA:691,extractWikilinks
FNDA:691,extractTags
FNDA:691,extractAliases
FNDA:715,parseNote
FNDA:717,parseNoteWithWarnings
FNDA:26,createEmptyNote
DA:1,1
DA:18,1
DA:21,691
DA:23,691
DA:24,691
DA:27,691
DA:28,691
DA:29,691
DA:30,691
DA:33,1
DA:36,1
DA:39,1
DA:44,691
DA:45,691
DA:48,691
DA:51,691
DA:52,691
DA:54,691
DA:55,5079
DA:56,5079
DA:59,5079
DA:61,5079
DA:62,478
DA:63,478
DA:65,478
DA:66,478
DA:67,478
DA:68,478
DA:69,478
DA:70,478
DA:71,478
DA:72,478
DA:74,5079
DA:75,5079
DA:77,691
DA:78,691
DA:83,691
DA:84,691
DA:87,691
DA:88,691
DA:89,77
DA:90,154
DA:91,154
DA:92,154
DA:93,154
DA:94,691
DA:95,24
DA:96,24
DA:99,691
DA:100,691
DA:101,691
DA:103,691
DA:104,54
DA:105,54
DA:107,691
DA:108,691
DA:113,691
DA:114,691
DA:115,691
DA:116,125
DA:117,125
DA:118,691
DA:119,0
DA:120,0
DA:121,566
DA:122,566
DA:141,715
DA:142,715
DA:144,715
DA:145,1
DA:146,1
DA:148,715
DA:149,31
DA:150,31
DA:151,31
DA:152,31
DA:154,714
DA:155,714
DA:160,717
DA:161,717
DA:164,717
DA:165,717
DA:166,717
DA:167,0
DA:168,0
DA:169,0
DA:170,0
DA:171,0
DA:172,0
DA:173,0
DA:174,717
DA:176,1
DA:178,717
DA:179,717
DA:180,717
DA:181,717
DA:182,1
DA:183,1
DA:184,1
DA:185,1
DA:186,1
DA:187,1
DA:188,1
DA:191,717
DA:192,25
DA:193,25
DA:194,25
DA:195,25
DA:196,25
DA:197,25
DA:200,717
DA:201,0
DA:202,0
DA:203,0
DA:204,0
DA:205,0
DA:206,0
DA:207,0
DA:210,691
DA:211,691
DA:213,691
DA:214,691
DA:215,691
DA:216,691
DA:217,717
DA:219,8
DA:220,8
DA:223,717
DA:225,717
DA:226,717
DA:227,717
DA:228,717
DA:229,717
DA:230,717
DA:231,717
DA:232,717
DA:233,717
DA:234,717
DA:235,717
DA:236,717
DA:237,717
DA:238,717
DA:239,717
DA:244,26
DA:245,26
DA:246,26
DA:247,26
DA:248,26
DA:249,26
DA:250,26
DA:251,26
DA:252,26
DA:253,26
DA:254,26
DA:255,26
DA:256,26
LF:156
LH:140
BRDA:21,0,0,691
BRDA:24,1,0,0
BRDA:44,2,0,691
BRDA:54,3,0,5079
BRDA:61,4,0,478
BRDA:63,5,0,29
BRDA:48,6,0,154
BRDA:83,7,0,691
BRDA:88,8,0,77
BRDA:89,9,0,154
BRDA:94,10,0,614
BRDA:94,11,0,24
BRDA:103,12,0,54
BRDA:113,13,0,691
BRDA:115,14,0,125
BRDA:117,15,0,566
BRDA:118,16,0,0
BRDA:120,17,0,566
BRDA:116,18,0,226
BRDA:141,19,0,715
BRDA:144,20,0,1
BRDA:145,21,0,0
BRDA:146,22,0,714
BRDA:148,23,0,31
BRDA:152,24,0,714
BRDA:160,25,0,717
BRDA:165,26,0,716
BRDA:166,27,0,0
BRDA:174,28,0,1
BRDA:180,29,0,716
BRDA:181,30,0,1
BRDA:186,31,0,0
BRDA:188,32,0,716
BRDA:191,33,0,25
BRDA:197,34,0,691
BRDA:200,35,0,0
BRDA:207,36,0,691
BRDA:217,37,0,8
BRDA:219,38,0,0
BRDA:220,39,0,691
BRDA:223,40,0,0
BRDA:244,41,0,26
BRDA:245,42,0,0
BRF:43
BRH:34
end_of_record
TN:
SF:src\core\types.ts
FN:1,(empty-report)
FNF:1
FNH:1
FNDA:1,(empty-report)
LF:0
LH:0
BRDA:1,0,0,1
BRF:1
BRH:1
end_of_record
TN:
SF:src\core\vault.ts
FN:26,isValidPath
FN:51,scanVault
FN:54,scan
FNF:3
FNH:3
FNDA:1033,isValidPath
FNDA:49,scanVault
FNDA:471,scan
DA:1,1
DA:9,1
DA:10,1
DA:11,1
DA:12,1
DA:13,1
DA:14,1
DA:17,1
DA:20,1
DA:26,1033
DA:28,1033
DA:29,0
DA:30,0
DA:33,1033
DA:34,0
DA:35,0
DA:37,1033
DA:38,1033
DA:51,49
DA:52,49
DA:54,49
DA:55,471
DA:56,471
DA:57,471
DA:58,471
DA:60,0
DA:61,0
DA:62,0
DA:64,471
DA:65,1455
DA:66,1455
DA:68,1455
DA:70,422
DA:71,0
DA:72,0
DA:73,422
DA:74,422
DA:75,422
DA:77,0
DA:78,0
DA:79,1455
DA:81,1033
DA:82,1033
DA:83,0
DA:84,0
DA:85,0
DA:87,1033
DA:88,1033
DA:89,1033
DA:90,1033
DA:91,1033
DA:92,1033
DA:93,1033
DA:94,1033
DA:95,1033
DA:97,0
DA:98,0
DA:99,1033
DA:100,1455
DA:101,471
DA:103,49
DA:104,49
DA:105,49
LF:63
LH:47
BRDA:26,0,0,1033
BRDA:28,1,0,0
BRDA:33,2,0,0
BRDA:51,3,0,49
BRDA:54,4,0,471
BRDA:58,5,0,0
BRDA:64,6,0,1455
BRDA:66,7,0,921
BRDA:66,8,0,534
BRDA:68,9,0,422
BRDA:70,10,0,0
BRDA:75,11,0,0
BRDA:79,12,0,1033
BRDA:82,13,0,0
BRDA:95,14,0,0
BRF:15
BRH:8
end_of_record
TN:
SF:src\tools\bidirectional.ts
FN:104,readFileContent
FN:119,getBodyContent
FN:136,removeCodeBlocks
FN:147,extractWikilinksFromValue
FN:166,isWikilinkValue
FN:173,normalizeRef
FN:184,detectProsePatterns
FN:245,suggestFrontmatterFromProse
FN:336,suggestWikilinksInFrontmatter
FN:367,checkValue
FN:414,validateCrossLayer
FN:518,registerBidirectionalTools
FNF:12
FNH:12
FNDA:20,readFileContent
FNDA:8,getBodyContent
FNDA:12,removeCodeBlocks
FNDA:30,extractWikilinksFromValue
FNDA:50,isWikilinkValue
FNDA:64,normalizeRef
FNDA:9,detectProsePatterns
FNDA:3,suggestFrontmatterFromProse
FNDA:4,suggestWikilinksInFrontmatter
FNDA:26,checkValue
FNDA:4,validateCrossLayer
FNDA:11,registerBidirectionalTools
DA:1,1
DA:88,1
DA:89,1
DA:92,1
DA:95,1
DA:104,20
DA:105,20
DA:106,20
DA:107,20
DA:108,20
DA:109,20
DA:110,20
DA:111,20
DA:112,1
DA:113,1
DA:114,20
DA:119,8
DA:120,8
DA:121,8
DA:123,8
DA:124,8
DA:125,1
DA:126,7
DA:127,8
DA:128,8
DA:129,0
DA:130,0
DA:131,8
DA:136,12
DA:137,12
DA:139,40
DA:140,40
DA:141,12
DA:142,12
DA:147,30
DA:148,30
DA:149,24
DA:150,24
DA:151,24
DA:152,24
DA:153,0
DA:154,0
DA:155,24
DA:156,24
DA:157,6
DA:158,6
DA:159,6
DA:160,0
DA:161,0
DA:166,50
DA:167,50
DA:168,50
DA:173,64
DA:174,64
DA:175,64
DA:184,9
DA:185,9
DA:186,9
DA:187,9
DA:188,9
DA:189,9
DA:191,9
DA:192,1
DA:193,1
DA:194,1
DA:195,1
DA:196,1
DA:197,1
DA:199,8
DA:200,8
DA:202,8
DA:203,8
DA:205,9
DA:206,329
DA:207,329
DA:210,329
DA:213,172
DA:216,172
DA:217,329
DA:218,80
DA:219,80
DA:220,80
DA:221,80
DA:223,80
DA:224,80
DA:225,66
DA:226,66
DA:227,66
DA:228,66
DA:229,66
DA:230,66
DA:231,66
DA:232,66
DA:233,80
DA:234,329
DA:236,8
DA:237,8
DA:238,8
DA:239,8
DA:240,8
DA:245,3
DA:246,3
DA:247,3
DA:248,3
DA:249,3
DA:250,3
DA:252,3
DA:253,0
DA:254,0
DA:255,0
DA:256,0
DA:257,0
DA:258,0
DA:261,3
DA:262,3
DA:263,3
DA:264,3
DA:266,0
DA:269,3
DA:272,3
DA:275,3
DA:277,3
DA:278,21
DA:279,21
DA:280,21
DA:281,2
DA:282,21
DA:283,19
DA:284,19
DA:285,19
DA:286,19
DA:287,19
DA:288,21
DA:291,3
DA:293,3
DA:295,19
DA:296,19
DA:297,19
DA:298,19
DA:301,15
DA:302,15
DA:303,15
DA:304,15
DA:307,15
DA:309,17
DA:310,4
DA:311,4
DA:312,13
DA:313,15
DA:315,15
DA:316,15
DA:318,15
DA:319,15
DA:320,19
DA:321,19
DA:322,19
DA:323,19
DA:324,19
DA:325,19
DA:327,3
DA:328,3
DA:329,3
DA:330,3
DA:331,3
DA:336,4
DA:337,4
DA:338,4
DA:339,4
DA:340,4
DA:341,4
DA:343,4
DA:344,0
DA:345,0
DA:346,0
DA:347,0
DA:348,0
DA:349,0
DA:351,4
DA:352,4
DA:353,4
DA:354,4
DA:355,0
DA:356,0
DA:357,0
DA:358,0
DA:359,0
DA:360,0
DA:362,4
DA:367,4
DA:368,26
DA:369,26
DA:370,26
DA:371,26
DA:372,26
DA:375,26
DA:378,25
DA:381,25
DA:382,25
DA:384,26
DA:385,6
DA:386,6
DA:387,6
DA:388,6
DA:389,6
DA:390,6
DA:391,6
DA:392,6
DA:393,6
DA:394,26
DA:397,4
DA:398,20
DA:399,6
DA:400,20
DA:401,14
DA:402,14
DA:403,20
DA:405,4
DA:406,4
DA:407,4
DA:408,4
DA:409,4
DA:414,4
DA:415,4
DA:416,4
DA:417,4
DA:418,4
DA:419,4
DA:421,4
DA:422,0
DA:423,0
DA:424,0
DA:425,0
DA:426,0
DA:427,0
DA:428,0
DA:429,0
DA:431,4
DA:432,4
DA:433,4
DA:434,4
DA:435,4
DA:436,4
DA:437,4
DA:439,0
DA:442,4
DA:443,4
DA:444,18
DA:445,18
DA:446,0
DA:447,0
DA:449,18
DA:450,12
DA:451,12
DA:452,3
DA:453,3
DA:454,12
DA:455,18
DA:456,6
DA:457,12
DA:458,12
DA:459,12
DA:460,3
DA:461,3
DA:462,12
DA:463,12
DA:464,6
DA:465,18
DA:468,4
DA:469,4
DA:470,4
DA:472,4
DA:473,139
DA:474,139
DA:475,139
DA:476,139
DA:477,15
DA:478,15
DA:479,15
DA:480,139
DA:483,4
DA:484,4
DA:485,4
DA:488,4
DA:489,6
DA:490,6
DA:491,6
DA:492,0
DA:493,0
DA:494,6
DA:497,4
DA:498,12
DA:499,6
DA:500,6
DA:501,12
DA:503,4
DA:504,4
DA:505,4
DA:506,4
DA:507,4
DA:508,4
DA:509,4
DA:518,1
DA:519,11
DA:520,11
DA:521,11
DA:522,11
DA:524,11
DA:525,11
DA:526,11
DA:527,11
DA:528,11
DA:529,11
DA:530,11
DA:531,11
DA:532,11
DA:533,11
DA:534,11
DA:535,0
DA:536,0
DA:537,0
DA:539,0
DA:540,0
DA:541,0
DA:542,0
DA:543,0
DA:544,0
DA:545,0
DA:546,0
DA:547,0
DA:548,11
DA:551,11
DA:552,11
DA:553,11
DA:554,11
DA:555,11
DA:556,11
DA:557,11
DA:558,11
DA:559,11
DA:560,11
DA:561,11
DA:562,0
DA:563,0
DA:564,0
DA:566,0
DA:567,0
DA:568,0
DA:569,0
DA:570,0
DA:571,0
DA:572,0
DA:573,0
DA:574,0
DA:575,11
DA:578,11
DA:579,11
DA:580,11
DA:581,11
DA:582,11
DA:583,11
DA:584,11
DA:585,11
DA:586,11
DA:587,11
DA:588,11
DA:589,0
DA:590,0
DA:591,0
DA:592,0
DA:593,0
DA:594,0
DA:595,0
DA:597,0
DA:598,0
DA:599,0
DA:600,0
DA:601,0
DA:602,0
DA:603,0
DA:604,0
DA:605,0
DA:606,11
DA:609,11
DA:610,11
DA:611,11
DA:612,11
DA:613,11
DA:614,11
DA:615,11
DA:616,11
DA:617,11
DA:618,11
DA:619,11
DA:620,0
DA:621,0
DA:622,0
DA:624,0
DA:625,0
DA:626,0
DA:627,0
DA:628,0
DA:629,0
DA:630,0
DA:631,0
DA:632,0
DA:633,11
DA:634,11
LF:407
LH:317
BRDA:104,0,0,20
BRDA:111,1,0,1
BRDA:119,2,0,8
BRDA:124,3,0,1
BRDA:125,4,0,7
BRDA:128,5,0,0
BRDA:136,6,0,12
BRDA:137,7,0,40
BRDA:139,8,0,30
BRDA:147,9,0,30
BRDA:148,10,0,24
BRDA:152,11,0,0
BRDA:156,12,0,6
BRDA:159,13,0,0
BRDA:158,14,0,12
BRDA:166,15,0,50
BRDA:173,16,0,64
BRDA:184,17,0,9
BRDA:191,18,0,1
BRDA:197,19,0,8
BRDA:205,20,0,329
BRDA:210,21,0,157
BRDA:210,22,0,172
BRDA:217,23,0,80
BRDA:219,24,0,21
BRDA:220,25,0,0
BRDA:221,26,0,59
BRDA:223,27,0,59
BRDA:223,28,0,59
BRDA:224,29,0,66
BRDA:234,30,0,8
BRDA:245,31,0,3
BRDA:252,32,0,0
BRDA:264,33,0,0
BRDA:277,34,0,21
BRDA:280,35,0,2
BRDA:282,36,0,19
BRDA:293,37,0,19
BRDA:298,38,0,4
BRDA:298,39,0,15
BRDA:320,40,0,14
BRDA:320,41,0,1
BRDA:322,42,0,4
BRDA:322,43,0,11
BRDA:296,44,0,99
BRDA:307,45,0,17
BRDA:309,46,0,4
BRDA:311,47,0,13
BRDA:316,48,0,17
BRDA:321,49,0,17
BRDA:336,50,0,4
BRDA:343,51,0,0
BRDA:354,52,0,0
BRDA:397,53,0,20
BRDA:398,54,0,6
BRDA:400,55,0,14
BRDA:367,56,0,26
BRDA:372,57,0,0
BRDA:375,58,0,1
BRDA:375,59,0,25
BRDA:378,60,0,0
BRDA:378,61,0,25
BRDA:384,62,0,6
BRDA:389,63,0,0
BRDA:399,64,0,12
BRDA:414,65,0,4
BRDA:421,66,0,0
BRDA:437,67,0,0
BRDA:443,68,0,18
BRDA:445,69,0,0
BRDA:449,70,0,12
BRDA:449,71,0,12
BRDA:451,72,0,3
BRDA:455,73,0,6
BRDA:456,74,0,12
BRDA:459,75,0,3
BRDA:472,76,0,139
BRDA:476,77,0,15
BRDA:488,78,0,6
BRDA:491,79,0,0
BRDA:497,80,0,12
BRDA:498,81,0,6
BRDA:518,82,0,11
BRF:83
BRH:68
end_of_record
TN:
SF:src\tools\computed.ts
FN:42,readFileContent
FN:57,getFileStats
FN:76,countWords
FN:95,formatDate
FN:102,calculateReadingTime
FN:127,computeFrontmatter
FN:261,registerComputedTools
FNF:7
FNH:1
FNDA:0,readFileContent
FNDA:0,getFileStats
FNDA:0,countWords
FNDA:0,formatDate
FNDA:0,calculateReadingTime
FNDA:0,computeFrontmatter
FNDA:11,registerComputedTools
DA:1,1
DA:42,0
DA:43,0
DA:44,0
DA:45,0
DA:46,0
DA:47,0
DA:48,0
DA:49,0
DA:50,0
DA:51,0
DA:52,0
DA:57,0
DA:58,0
DA:59,0
DA:60,0
DA:61,0
DA:62,0
DA:63,0
DA:64,0
DA:65,0
DA:66,0
DA:67,0
DA:68,0
DA:69,0
DA:70,0
DA:71,0
DA:76,0
DA:78,0
DA:79,0
DA:82,0
DA:85,0
DA:88,0
DA:89,0
DA:90,0
DA:95,0
DA:96,0
DA:97,0
DA:102,0
DA:103,0
DA:104,0
DA:105,0
DA:112,1
DA:113,1
DA:114,1
DA:115,1
DA:116,1
DA:117,1
DA:118,1
DA:119,1
DA:120,1
DA:127,0
DA:128,0
DA:129,0
DA:130,0
DA:131,0
DA:132,0
DA:133,0
DA:135,0
DA:136,0
DA:137,0
DA:138,0
DA:139,0
DA:140,0
DA:141,0
DA:142,0
DA:145,0
DA:146,0
DA:147,0
DA:148,0
DA:149,0
DA:150,0
DA:151,0
DA:153,0
DA:156,0
DA:159,0
DA:162,0
DA:163,0
DA:164,0
DA:166,0
DA:167,0
DA:169,0
DA:170,0
DA:171,0
DA:173,0
DA:174,0
DA:175,0
DA:176,0
DA:177,0
DA:178,0
DA:180,0
DA:181,0
DA:182,0
DA:183,0
DA:184,0
DA:186,0
DA:187,0
DA:188,0
DA:189,0
DA:190,0
DA:191,0
DA:193,0
DA:194,0
DA:195,0
DA:196,0
DA:197,0
DA:199,0
DA:200,0
DA:201,0
DA:202,0
DA:203,0
DA:204,0
DA:206,0
DA:207,0
DA:208,0
DA:209,0
DA:210,0
DA:211,0
DA:212,0
DA:214,0
DA:215,0
DA:216,0
DA:217,0
DA:218,0
DA:219,0
DA:220,0
DA:221,0
DA:223,0
DA:224,0
DA:225,0
DA:226,0
DA:228,0
DA:229,0
DA:230,0
DA:232,0
DA:233,0
DA:234,0
DA:235,0
DA:236,0
DA:237,0
DA:238,0
DA:241,0
DA:242,0
DA:243,0
DA:244,0
DA:245,0
DA:247,0
DA:248,0
DA:249,0
DA:250,0
DA:251,0
DA:252,0
DA:261,1
DA:262,11
DA:263,11
DA:264,11
DA:265,11
DA:267,11
DA:268,11
DA:269,11
DA:270,11
DA:271,11
DA:272,11
DA:273,11
DA:274,11
DA:275,11
DA:276,11
DA:277,11
DA:278,11
DA:279,0
DA:280,0
DA:281,0
DA:283,0
DA:284,0
DA:285,0
DA:286,0
DA:287,0
DA:288,0
DA:289,0
DA:290,0
DA:291,0
DA:292,11
DA:293,11
LF:183
LH:29
BRDA:261,0,0,11
BRF:1
BRH:1
end_of_record
TN:
SF:src\tools\frontmatter.ts
FN:28,getValueType
FN:39,getFrontmatterSchema
FN:113,getFieldValues
FN:171,findFrontmatterInconsistencies
FN:224,validateFrontmatter
FN:323,findMissingFrontmatter
FNF:6
FNH:0
FNDA:0,getValueType
FNDA:0,getFrontmatterSchema
FNDA:0,getFieldValues
FNDA:0,findFrontmatterInconsistencies
FNDA:0,validateFrontmatter
FNDA:0,findMissingFrontmatter
DA:28,0
DA:29,0
DA:30,0
DA:31,0
DA:32,0
DA:33,0
DA:34,0
DA:39,1
DA:40,0
DA:46,0
DA:47,0
DA:52,0
DA:54,0
DA:56,0
DA:57,0
DA:58,0
DA:60,0
DA:62,0
DA:63,0
DA:64,0
DA:65,0
DA:66,0
DA:67,0
DA:68,0
DA:69,0
DA:70,0
DA:72,0
DA:73,0
DA:74,0
DA:76,0
DA:78,0
DA:79,0
DA:80,0
DA:81,0
DA:82,0
DA:83,0
DA:85,0
DA:86,0
DA:87,0
DA:88,0
DA:89,0
DA:92,0
DA:93,0
DA:94,0
DA:95,0
DA:96,0
DA:97,0
DA:98,0
DA:99,0
DA:100,0
DA:102,0
DA:103,0
DA:104,0
DA:105,0
DA:106,0
DA:107,0
DA:108,0
DA:113,1
DA:114,0
DA:115,0
DA:121,0
DA:122,0
DA:126,0
DA:128,0
DA:130,0
DA:131,0
DA:132,0
DA:134,0
DA:137,0
DA:139,0
DA:140,0
DA:142,0
DA:143,0
DA:144,0
DA:145,0
DA:146,0
DA:147,0
DA:148,0
DA:150,0
DA:151,0
DA:152,0
DA:153,0
DA:154,0
DA:157,0
DA:158,0
DA:160,0
DA:161,0
DA:162,0
DA:163,0
DA:164,0
DA:165,0
DA:166,0
DA:171,1
DA:172,0
DA:177,0
DA:178,0
DA:180,0
DA:184,0
DA:186,0
DA:188,0
DA:190,0
DA:192,0
DA:193,0
DA:194,0
DA:196,0
DA:199,0
DA:200,0
DA:201,0
DA:202,0
DA:203,0
DA:204,0
DA:205,0
DA:207,0
DA:208,0
DA:210,0
DA:211,0
DA:212,0
DA:213,0
DA:214,0
DA:215,0
DA:216,0
DA:218,0
DA:219,0
DA:224,1
DA:225,0
DA:226,0
DA:231,0
DA:240,0
DA:241,0
DA:249,0
DA:251,0
DA:252,0
DA:254,0
DA:259,0
DA:261,0
DA:262,0
DA:265,0
DA:266,0
DA:267,0
DA:268,0
DA:269,0
DA:270,0
DA:271,0
DA:272,0
DA:274,0
DA:277,0
DA:278,0
DA:279,0
DA:280,0
DA:281,0
DA:283,0
DA:284,0
DA:285,0
DA:286,0
DA:287,0
DA:288,0
DA:289,0
DA:290,0
DA:291,0
DA:294,0
DA:295,0
DA:296,0
DA:298,0
DA:299,0
DA:300,0
DA:301,0
DA:302,0
DA:303,0
DA:304,0
DA:305,0
DA:306,0
DA:307,0
DA:309,0
DA:310,0
DA:311,0
DA:312,0
DA:313,0
DA:314,0
DA:315,0
DA:317,0
DA:318,0
DA:323,1
DA:324,0
DA:325,0
DA:330,0
DA:331,0
DA:335,0
DA:337,0
DA:338,0
DA:339,0
DA:341,0
DA:342,0
DA:343,0
DA:345,0
DA:346,0
DA:347,0
DA:348,0
DA:349,0
DA:350,0
DA:351,0
DA:352,0
DA:353,0
DA:355,0
DA:356,0
LF:204
LH:5
BRF:0
BRH:0
end_of_record
TN:
SF:src\tools\graph.ts
FN:21,getContext
FN:70,registerGraphTools
FNF:2
FNH:1
FNDA:0,getContext
FNDA:11,registerGraphTools
DA:1,1
DA:21,0
DA:22,0
DA:23,0
DA:24,0
DA:25,0
DA:26,0
DA:27,0
DA:28,0
DA:29,0
DA:30,0
DA:32,0
DA:33,0
DA:35,0
DA:36,0
DA:37,0
DA:38,0
DA:39,0
DA:42,1
DA:43,1
DA:44,1
DA:45,1
DA:46,1
DA:48,1
DA:49,1
DA:50,1
DA:51,1
DA:52,1
DA:53,1
DA:70,1
DA:71,11
DA:72,11
DA:73,11
DA:74,11
DA:76,11
DA:77,11
DA:78,11
DA:79,11
DA:80,11
DA:81,11
DA:82,11
DA:83,11
DA:84,11
DA:85,11
DA:86,11
DA:87,11
DA:88,11
DA:89,11
DA:92,6
DA:93,6
DA:94,6
DA:97,6
DA:98,6
DA:99,0
DA:100,0
DA:101,0
DA:102,0
DA:103,0
DA:104,0
DA:105,0
DA:108,6
DA:109,6
DA:112,6
DA:113,6
DA:114,0
DA:118,0
DA:119,0
DA:120,0
DA:121,0
DA:123,0
DA:124,0
DA:125,0
DA:127,0
DA:128,6
DA:129,6
DA:132,6
DA:133,6
DA:134,6
DA:135,6
DA:136,6
DA:137,6
DA:139,6
DA:140,6
DA:141,6
DA:142,6
DA:143,6
DA:144,6
DA:145,6
DA:146,6
DA:147,6
DA:148,6
DA:149,11
DA:152,11
DA:153,11
DA:154,11
DA:155,11
DA:156,11
DA:157,11
DA:158,11
DA:160,11
DA:161,11
DA:162,11
DA:163,11
DA:164,11
DA:178,11
DA:179,11
DA:180,11
DA:181,11
DA:182,11
DA:183,11
DA:184,11
DA:185,11
DA:186,11
DA:187,11
DA:188,11
DA:191,3
DA:192,3
DA:195,3
DA:196,3
DA:197,0
DA:198,0
DA:199,0
DA:200,0
DA:201,0
DA:202,0
DA:203,0
DA:206,3
DA:208,3
DA:209,3
DA:210,3
DA:211,3
DA:212,8
DA:213,8
DA:214,8
DA:215,8
DA:216,8
DA:217,3
DA:218,3
DA:220,3
DA:221,3
DA:222,3
DA:223,3
DA:224,3
DA:225,3
DA:226,3
DA:227,3
DA:228,3
DA:229,3
DA:230,11
DA:233,11
DA:234,11
DA:235,11
DA:236,11
DA:237,11
DA:239,11
DA:240,11
DA:241,11
DA:242,11
DA:243,11
DA:244,11
DA:257,11
DA:258,11
DA:259,11
DA:260,11
DA:261,11
DA:262,11
DA:263,11
DA:264,11
DA:265,11
DA:266,11
DA:267,11
DA:268,11
DA:269,11
DA:272,3
DA:273,3
DA:275,3
DA:276,3
DA:278,3
DA:279,3
DA:280,3
DA:281,3
DA:282,3
DA:283,27
DA:284,27
DA:285,27
DA:286,3
DA:287,3
DA:289,3
DA:290,3
DA:291,3
DA:292,3
DA:293,3
DA:294,3
DA:295,3
DA:296,3
DA:297,3
DA:298,3
DA:299,11
DA:302,11
DA:303,11
DA:304,11
DA:305,11
DA:306,11
DA:307,11
DA:308,11
DA:310,11
DA:311,11
DA:312,11
DA:313,11
DA:314,11
DA:315,11
DA:330,11
DA:331,11
DA:332,11
DA:333,11
DA:334,11
DA:335,11
DA:336,11
DA:337,11
DA:338,11
DA:339,11
DA:340,11
DA:341,11
DA:342,11
DA:345,3
DA:346,3
DA:348,3
DA:349,3
DA:351,3
DA:352,3
DA:353,3
DA:354,3
DA:355,3
DA:356,16
DA:357,16
DA:358,16
DA:359,16
DA:360,16
DA:361,3
DA:362,3
DA:364,3
DA:365,3
DA:366,3
DA:367,3
DA:368,3
DA:369,3
DA:370,3
DA:371,3
DA:372,3
DA:373,3
DA:374,11
DA:375,11
LF:252
LH:212
BRDA:70,0,0,11
BRDA:89,1,0,6
BRDA:98,2,0,0
BRDA:188,3,0,3
BRDA:196,4,0,0
BRDA:211,5,0,8
BRDA:269,6,0,3
BRDA:282,7,0,27
BRDA:342,8,0,3
BRDA:355,9,0,16
BRF:10
BRH:8
end_of_record
TN:
SF:src\tools\graphAdvanced.ts
FN:13,getLinkPath
FN:79,getCommonNeighbors
FN:132,findBidirectionalLinks
FN:190,findDeadEnds
FN:229,findSources
FN:265,getLinkContext
FN:315,getConnectionStrength
FNF:7
FNH:6
FNDA:4,getLinkPath
FNDA:3,getCommonNeighbors
FNDA:3,findBidirectionalLinks
FNDA:3,findDeadEnds
FNDA:2,findSources
FNDA:0,getLinkContext
FNDA:3,getConnectionStrength
DA:1,1
DA:13,1
DA:14,4
DA:15,4
DA:16,4
DA:17,4
DA:22,4
DA:24,4
DA:25,4
DA:27,4
DA:28,2
DA:29,2
DA:31,4
DA:32,1
DA:33,1
DA:36,1
DA:37,1
DA:39,4
DA:40,3
DA:42,3
DA:43,2
DA:44,2
DA:46,1
DA:47,1
DA:50,3
DA:51,4
DA:52,4
DA:54,4
DA:55,0
DA:56,0
DA:57,0
DA:58,0
DA:59,0
DA:60,0
DA:61,0
DA:63,2
DA:64,2
DA:65,2
DA:66,2
DA:67,2
DA:68,2
DA:69,2
DA:70,4
DA:71,1
DA:73,1
DA:74,1
DA:79,1
DA:80,3
DA:81,3
DA:82,3
DA:88,3
DA:89,3
DA:90,3
DA:92,3
DA:95,0
DA:96,0
DA:97,0
DA:98,0
DA:99,0
DA:100,0
DA:101,0
DA:104,0
DA:109,0
DA:111,0
DA:112,0
DA:113,0
DA:114,0
DA:115,0
DA:116,0
DA:117,0
DA:118,0
DA:119,0
DA:120,0
DA:121,0
DA:122,0
DA:123,0
DA:124,0
DA:126,0
DA:127,0
DA:132,1
DA:133,3
DA:134,3
DA:140,3
DA:141,3
DA:146,3
DA:148,3
DA:150,3
DA:151,1
DA:152,2
DA:154,3
DA:155,55
DA:157,55
DA:158,42
DA:159,42
DA:161,28
DA:162,28
DA:165,42
DA:166,44
DA:167,44
DA:169,13
DA:170,13
DA:171,5
DA:172,5
DA:173,5
DA:174,5
DA:175,5
DA:176,5
DA:177,5
DA:178,5
DA:179,13
DA:180,44
DA:181,28
DA:182,55
DA:184,3
DA:185,3
DA:190,1
DA:191,3
DA:192,3
DA:193,3
DA:198,3
DA:199,3
DA:203,3
DA:205,3
DA:206,81
DA:209,81
DA:210,38
DA:213,38
DA:214,2
DA:215,2
DA:216,2
DA:217,2
DA:218,2
DA:219,2
DA:220,38
DA:221,81
DA:223,3
DA:224,3
DA:229,1
DA:230,2
DA:231,2
DA:232,2
DA:237,2
DA:238,2
DA:242,2
DA:244,2
DA:245,54
DA:247,54
DA:250,54
DA:251,7
DA:252,7
DA:253,7
DA:254,7
DA:255,7
DA:256,7
DA:257,54
DA:259,2
DA:260,2
DA:265,0
DA:266,0
DA:267,0
DA:268,0
DA:269,0
DA:273,0
DA:274,0
DA:275,0
DA:277,0
DA:278,0
DA:280,0
DA:281,0
DA:283,0
DA:284,0
DA:285,0
DA:286,0
DA:287,0
DA:289,0
DA:290,0
DA:293,0
DA:294,0
DA:295,0
DA:297,0
DA:298,0
DA:299,0
DA:301,0
DA:302,0
DA:303,0
DA:304,0
DA:305,0
DA:306,0
DA:308,0
DA:309,0
DA:315,1
DA:316,3
DA:317,3
DA:318,3
DA:327,3
DA:328,3
DA:329,3
DA:331,3
DA:332,3
DA:333,3
DA:334,3
DA:335,3
DA:336,3
DA:337,3
DA:338,3
DA:339,3
DA:340,3
DA:341,3
DA:343,0
DA:344,0
DA:345,0
DA:346,0
DA:347,0
DA:348,0
DA:349,0
DA:352,0
DA:353,0
DA:354,0
DA:355,0
DA:356,0
DA:357,0
DA:358,0
DA:359,0
DA:361,3
DA:362,0
DA:363,0
DA:364,0
DA:365,0
DA:366,0
DA:369,0
DA:370,0
DA:371,0
DA:372,0
DA:373,0
DA:374,0
DA:375,0
DA:378,0
DA:379,0
DA:380,0
DA:383,0
DA:384,0
DA:385,3
DA:386,0
DA:387,0
DA:388,0
DA:390,0
DA:391,0
LF:247
LH:145
BRDA:13,0,0,4
BRDA:24,1,0,0
BRDA:25,2,0,2
BRDA:25,3,0,2
BRDA:27,4,0,2
BRDA:31,5,0,1
BRDA:39,6,0,3
BRDA:42,7,0,2
BRDA:44,8,0,1
BRDA:47,9,0,0
BRDA:47,10,0,1
BRDA:50,11,0,4
BRDA:52,12,0,2
BRDA:54,13,0,0
BRDA:61,14,0,2
BRDA:70,15,0,1
BRDA:71,16,0,1
BRDA:79,17,0,3
BRDA:92,18,0,2
BRDA:92,19,0,0
BRDA:132,20,0,3
BRDA:150,21,0,1
BRDA:151,22,0,2
BRDA:154,23,0,55
BRDA:155,24,0,0
BRDA:157,25,0,42
BRDA:159,26,0,14
BRDA:159,27,0,28
BRDA:162,28,0,0
BRDA:162,29,0,28
BRDA:165,30,0,44
BRDA:167,31,0,13
BRDA:170,32,0,5
BRDA:180,33,0,28
BRDA:190,34,0,3
BRDA:205,35,0,81
BRDA:206,36,0,27
BRDA:206,37,0,20
BRDA:206,38,0,61
BRDA:209,39,0,38
BRDA:213,40,0,2
BRDA:223,41,0,1
BRDA:229,42,0,2
BRDA:244,43,0,54
BRDA:245,44,0,0
BRDA:245,45,0,0
BRDA:250,46,0,14
BRDA:250,47,0,7
BRDA:259,48,0,5
BRDA:315,49,0,3
BRDA:331,50,0,2
BRDA:341,51,0,0
BRDA:361,52,0,0
BRDA:385,53,0,0
BRF:54
BRH:43
end_of_record
TN:
SF:src\tools\health.ts
FN:17,registerHealthTools
FN:285,isPeriodicNote
FNF:2
FNH:2
FNDA:11,registerHealthTools
FNDA:20,isPeriodicNote
DA:1,1
DA:12,1
DA:17,1
DA:18,11
DA:19,11
DA:20,11
DA:21,11
DA:23,11
DA:24,11
DA:25,11
DA:26,11
DA:27,11
DA:28,11
DA:29,11
DA:30,11
DA:31,11
DA:32,11
DA:33,11
DA:34,11
DA:49,11
DA:50,11
DA:51,11
DA:52,11
DA:53,11
DA:54,11
DA:55,11
DA:56,11
DA:57,11
DA:58,11
DA:61,1
DA:62,1
DA:63,1
DA:64,1
DA:67,1
DA:68,1
DA:69,1
DA:70,1
DA:71,1
DA:72,0
DA:73,0
DA:74,0
DA:77,1
DA:78,1
DA:79,1
DA:80,0
DA:81,1
DA:83,1
DA:84,0
DA:85,0
DA:88,1
DA:89,1
DA:90,1
DA:92,1
DA:93,0
DA:94,0
DA:97,1
DA:98,1
DA:99,0
DA:100,1
DA:101,0
DA:102,1
DA:103,1
DA:104,1
DA:106,1
DA:107,1
DA:108,1
DA:109,1
DA:110,1
DA:111,1
DA:112,1
DA:113,1
DA:114,1
DA:115,1
DA:116,1
DA:117,1
DA:119,1
DA:120,1
DA:121,1
DA:122,1
DA:123,1
DA:124,1
DA:125,1
DA:126,1
DA:127,1
DA:128,1
DA:129,11
DA:132,11
DA:133,11
DA:134,11
DA:135,11
DA:136,11
DA:138,11
DA:139,11
DA:140,11
DA:141,11
DA:142,11
DA:143,11
DA:144,11
DA:160,11
DA:161,11
DA:162,11
DA:163,11
DA:164,11
DA:165,11
DA:166,11
DA:167,11
DA:168,11
DA:169,11
DA:170,11
DA:171,11
DA:172,11
DA:173,11
DA:176,0
DA:177,0
DA:178,0
DA:179,0
DA:181,0
DA:183,0
DA:184,0
DA:185,0
DA:187,0
DA:188,0
DA:189,0
DA:190,0
DA:191,0
DA:192,0
DA:193,0
DA:194,0
DA:195,0
DA:196,0
DA:197,0
DA:198,0
DA:201,0
DA:202,0
DA:203,0
DA:204,0
DA:205,0
DA:207,0
DA:209,0
DA:210,0
DA:211,0
DA:212,0
DA:213,0
DA:214,0
DA:215,0
DA:217,0
DA:218,0
DA:219,0
DA:220,0
DA:221,0
DA:222,0
DA:223,0
DA:224,0
DA:225,0
DA:226,0
DA:227,11
DA:230,11
DA:231,11
DA:232,11
DA:233,11
DA:235,11
DA:236,11
DA:237,11
DA:238,11
DA:240,11
DA:241,11
DA:242,11
DA:243,11
DA:244,11
DA:246,11
DA:247,11
DA:248,11
DA:249,11
DA:250,11
DA:251,11
DA:252,11
DA:253,11
DA:254,11
DA:255,11
DA:256,11
DA:257,11
DA:258,11
DA:259,11
DA:260,11
DA:261,11
DA:262,11
DA:263,11
DA:285,11
DA:286,20
DA:287,20
DA:290,20
DA:291,20
DA:292,20
DA:293,20
DA:294,20
DA:295,20
DA:296,20
DA:299,20
DA:300,20
DA:302,20
DA:303,20
DA:305,11
DA:306,11
DA:307,11
DA:308,11
DA:309,11
DA:310,11
DA:311,11
DA:312,11
DA:313,11
DA:314,11
DA:317,1
DA:318,1
DA:321,1
DA:322,1
DA:323,1
DA:324,1
DA:325,1
DA:326,1
DA:329,1
DA:330,27
DA:332,27
DA:333,19
DA:334,6
DA:335,6
DA:336,19
DA:337,27
DA:340,1
DA:341,27
DA:342,27
DA:343,20
DA:344,20
DA:345,6
DA:346,20
DA:347,14
DA:348,14
DA:349,20
DA:350,27
DA:353,1
DA:354,1
DA:355,27
DA:356,27
DA:357,7
DA:358,7
DA:359,27
DA:360,1
DA:361,1
DA:364,1
DA:365,1
DA:366,8
DA:367,8
DA:368,1
DA:369,1
DA:372,1
DA:373,1
DA:374,27
DA:375,27
DA:377,27
DA:378,27
DA:380,1
DA:381,1
DA:382,1
DA:384,1
DA:385,1
DA:386,1
DA:387,1
DA:388,1
DA:389,1
DA:390,1
DA:391,1
DA:392,1
DA:393,1
DA:394,1
DA:395,1
DA:396,1
DA:397,1
DA:398,1
DA:400,1
DA:401,1
DA:402,1
DA:403,1
DA:404,1
DA:405,1
DA:406,1
DA:407,1
DA:408,1
DA:409,1
DA:410,11
DA:411,11
LF:289
LH:236
BRDA:17,0,0,11
BRDA:58,1,0,1
BRDA:71,2,0,0
BRDA:79,3,0,0
BRDA:83,4,0,0
BRDA:88,5,0,0
BRDA:89,6,0,0
BRDA:90,7,0,0
BRDA:92,8,0,0
BRDA:92,9,0,0
BRDA:98,10,0,0
BRDA:100,11,0,0
BRDA:285,12,0,20
BRDA:286,13,0,0
BRDA:300,14,0,0
BRDA:302,15,0,14
BRDA:302,16,0,77
BRDA:314,17,0,1
BRDA:329,18,0,27
BRDA:332,19,0,19
BRDA:333,20,0,6
BRDA:340,21,0,27
BRDA:342,22,0,20
BRDA:344,23,0,6
BRDA:346,24,0,14
BRDA:354,25,0,27
BRDA:356,26,0,7
BRDA:365,27,0,8
BRDA:373,28,0,27
BRDA:375,29,0,17
BRDA:375,30,0,10
BRDA:377,31,0,5
BRDA:394,32,0,0
BRDA:360,33,0,13
BRDA:368,34,0,14
BRDA:381,35,0,5
BRDA:382,36,0,7
BRF:37
BRH:24
end_of_record
TN:
SF:src\tools\migrations.ts
FN:61,getNotesInFolder
FN:78,readFileContent
FN:93,writeFileContent
FN:110,updateFrontmatter
FN:137,renameField
FN:206,migrateFieldValues
FN:284,registerMigrationTools
FNF:7
FNH:1
FNDA:0,getNotesInFolder
FNDA:0,readFileContent
FNDA:0,writeFileContent
FNDA:0,updateFrontmatter
FNDA:0,renameField
FNDA:0,migrateFieldValues
FNDA:11,registerMigrationTools
DA:1,1
DA:61,0
DA:62,0
DA:63,0
DA:64,0
DA:65,0
DA:66,0
DA:68,0
DA:69,0
DA:70,0
DA:71,0
DA:72,0
DA:73,0
DA:78,0
DA:79,0
DA:80,0
DA:81,0
DA:82,0
DA:83,0
DA:84,0
DA:85,0
DA:86,0
DA:87,0
DA:88,0
DA:93,0
DA:94,0
DA:95,0
DA:96,0
DA:97,0
DA:98,0
DA:99,0
DA:100,0
DA:101,0
DA:102,0
DA:103,0
DA:104,0
DA:105,0
DA:110,0
DA:111,0
DA:112,0
DA:113,0
DA:114,0
DA:115,0
DA:116,0
DA:118,0
DA:119,0
DA:120,0
DA:123,0
DA:124,0
DA:125,0
DA:126,0
DA:127,0
DA:128,0
DA:137,0
DA:138,0
DA:139,0
DA:140,0
DA:141,0
DA:142,0
DA:146,0
DA:147,0
DA:148,0
DA:150,0
DA:151,0
DA:153,0
DA:154,0
DA:155,0
DA:158,0
DA:160,0
DA:161,0
DA:162,0
DA:163,0
DA:164,0
DA:165,0
DA:166,0
DA:167,0
DA:168,0
DA:170,0
DA:171,0
DA:172,0
DA:173,0
DA:174,0
DA:175,0
DA:176,0
DA:178,0
DA:179,0
DA:180,0
DA:181,0
DA:182,0
DA:183,0
DA:185,0
DA:186,0
DA:187,0
DA:188,0
DA:189,0
DA:190,0
DA:191,0
DA:193,0
DA:194,0
DA:195,0
DA:196,0
DA:197,0
DA:198,0
DA:199,0
DA:200,0
DA:201,0
DA:206,0
DA:207,0
DA:208,0
DA:209,0
DA:210,0
DA:211,0
DA:215,0
DA:216,0
DA:217,0
DA:219,0
DA:220,0
DA:221,0
DA:223,0
DA:224,0
DA:225,0
DA:228,0
DA:229,0
DA:231,0
DA:232,0
DA:233,0
DA:234,0
DA:235,0
DA:236,0
DA:237,0
DA:238,0
DA:239,0
DA:240,0
DA:242,0
DA:243,0
DA:244,0
DA:245,0
DA:246,0
DA:247,0
DA:248,0
DA:249,0
DA:250,0
DA:252,0
DA:253,0
DA:254,0
DA:256,0
DA:257,0
DA:258,0
DA:259,0
DA:260,0
DA:261,0
DA:263,0
DA:264,0
DA:265,0
DA:267,0
DA:268,0
DA:269,0
DA:270,0
DA:271,0
DA:272,0
DA:273,0
DA:274,0
DA:275,0
DA:284,1
DA:285,11
DA:286,11
DA:287,11
DA:288,11
DA:290,11
DA:291,11
DA:292,11
DA:293,11
DA:294,11
DA:295,11
DA:296,11
DA:297,11
DA:298,11
DA:299,11
DA:300,11
DA:301,11
DA:302,11
DA:303,11
DA:304,0
DA:305,0
DA:306,0
DA:307,0
DA:308,0
DA:309,0
DA:311,0
DA:312,0
DA:313,0
DA:314,0
DA:315,0
DA:316,0
DA:317,0
DA:318,0
DA:319,0
DA:320,11
DA:323,11
DA:324,11
DA:325,11
DA:326,11
DA:327,11
DA:328,11
DA:329,11
DA:330,11
DA:331,11
DA:332,11
DA:333,11
DA:334,11
DA:335,11
DA:336,11
DA:337,0
DA:338,0
DA:339,0
DA:340,0
DA:341,0
DA:342,0
DA:344,0
DA:345,0
DA:346,0
DA:347,0
DA:348,0
DA:349,0
DA:350,0
DA:351,0
DA:352,0
DA:353,11
DA:354,11
LF:229
LH:37
BRDA:284,0,0,11
BRF:1
BRH:1
end_of_record
TN:
SF:src\tools\periodic.ts
FN:49,getCurrentPeriodPath
FN:88,getISOWeek
FN:103,detectPeriodicNotes
FN:255,registerPeriodicTools
FNF:4
FNH:4
FNDA:15,getCurrentPeriodPath
FNDA:4,getISOWeek
FNDA:20,detectPeriodicNotes
FNDA:11,registerPeriodicTools
DA:1,1
DA:14,1
DA:15,1
DA:16,1
DA:17,1
DA:18,1
DA:19,1
DA:20,1
DA:21,1
DA:22,1
DA:23,1
DA:24,1
DA:25,1
DA:26,1
DA:27,1
DA:28,1
DA:29,1
DA:30,1
DA:31,1
DA:32,1
DA:33,1
DA:38,1
DA:39,1
DA:40,1
DA:41,1
DA:42,1
DA:43,1
DA:44,1
DA:49,15
DA:50,15
DA:51,15
DA:53,15
DA:54,15
DA:55,11
DA:56,11
DA:57,15
DA:58,4
DA:59,4
DA:60,4
DA:61,4
DA:62,15
DA:63,0
DA:64,0
DA:65,0
DA:66,0
DA:67,15
DA:68,0
DA:69,0
DA:70,15
DA:71,0
DA:72,0
DA:73,0
DA:74,0
DA:75,15
DA:76,0
DA:77,0
DA:78,15
DA:79,0
DA:80,15
DA:82,15
DA:83,15
DA:88,4
DA:89,4
DA:90,4
DA:91,4
DA:92,4
DA:93,4
DA:94,4
DA:95,0
DA:96,0
DA:97,4
DA:98,4
DA:103,1
DA:104,20
DA:105,20
DA:124,20
DA:125,20
DA:126,20
DA:127,20
DA:130,20
DA:135,20
DA:137,20
DA:138,20
DA:140,20
DA:142,126
DA:143,126
DA:144,126
DA:147,126
DA:148,276
DA:149,39
DA:150,39
DA:152,39
DA:153,23
DA:154,23
DA:155,23
DA:156,23
DA:157,23
DA:158,39
DA:159,16
DA:160,16
DA:161,16
DA:162,16
DA:163,16
DA:164,16
DA:165,16
DA:166,39
DA:167,276
DA:168,126
DA:171,20
DA:172,16
DA:175,16
DA:178,16
DA:181,16
DA:182,16
DA:183,15
DA:184,15
DA:187,16
DA:188,110
DA:189,16
DA:190,16
DA:191,16
DA:193,16
DA:194,16
DA:195,16
DA:196,16
DA:197,16
DA:198,16
DA:201,20
DA:204,20
DA:206,20
DA:207,5
DA:208,5
DA:209,5
DA:210,5
DA:211,5
DA:212,5
DA:213,5
DA:214,5
DA:215,5
DA:216,5
DA:217,5
DA:218,5
DA:219,5
DA:220,5
DA:221,5
DA:222,5
DA:225,15
DA:226,15
DA:227,83
DA:228,15
DA:229,20
DA:232,20
DA:233,20
DA:235,20
DA:236,20
DA:237,20
DA:238,20
DA:239,20
DA:240,20
DA:241,20
DA:242,20
DA:243,20
DA:244,20
DA:245,20
DA:246,20
DA:247,20
DA:248,20
DA:249,20
DA:250,20
DA:255,1
DA:256,11
DA:257,11
DA:258,11
DA:260,11
DA:261,11
DA:262,11
DA:263,11
DA:264,11
DA:265,11
DA:266,11
DA:267,11
DA:268,11
DA:269,11
DA:270,11
DA:271,11
DA:272,11
DA:273,11
DA:274,11
DA:275,11
DA:276,11
DA:277,11
DA:278,11
DA:279,11
DA:280,11
DA:302,11
DA:303,11
DA:304,11
DA:305,11
DA:306,11
DA:307,11
DA:308,11
DA:309,11
DA:310,11
DA:311,11
DA:312,11
DA:313,11
DA:314,11
DA:315,11
DA:316,0
DA:317,0
DA:320,0
DA:321,0
DA:322,0
DA:324,0
DA:325,0
DA:326,0
DA:327,0
DA:328,0
DA:329,0
DA:330,0
DA:331,0
DA:332,0
DA:333,0
DA:334,11
DA:335,11
LF:225
LH:195
BRDA:49,0,0,15
BRDA:54,1,0,11
BRDA:57,2,0,4
BRDA:62,3,0,0
BRDA:67,4,0,0
BRDA:70,5,0,0
BRDA:75,6,0,0
BRDA:78,7,0,0
BRDA:88,8,0,4
BRDA:94,9,0,0
BRDA:103,10,0,20
BRDA:140,11,0,126
BRDA:144,12,0,106
BRDA:144,13,0,20
BRDA:147,14,0,276
BRDA:148,15,0,39
BRDA:152,16,0,23
BRDA:158,17,0,16
BRDA:162,18,0,0
BRDA:171,19,0,16
BRDA:181,20,0,0
BRDA:182,21,0,15
BRDA:190,22,0,0
BRDA:194,23,0,0
BRDA:206,24,0,5
BRDA:222,25,0,15
BRDA:229,26,0,0
BRDA:182,27,0,35
BRDA:187,28,0,110
BRDA:201,29,0,1
BRDA:226,30,0,83
BRDA:227,31,0,0
BRDA:255,32,0,11
BRF:33
BRH:21
end_of_record
TN:
SF:src\tools\primitives.ts
FN:53,registerPrimitiveTools
FNF:1
FNH:1
FNDA:11,registerPrimitiveTools
DA:1,1
DA:53,1
DA:54,11
DA:55,11
DA:56,11
DA:57,11
DA:63,11
DA:64,11
DA:65,11
DA:66,11
DA:67,11
DA:68,11
DA:69,11
DA:70,11
DA:71,11
DA:72,11
DA:73,11
DA:74,11
DA:75,0
DA:76,0
DA:77,0
DA:79,0
DA:80,0
DA:81,0
DA:82,0
DA:83,0
DA:84,0
DA:85,0
DA:86,0
DA:87,0
DA:88,0
DA:89,0
DA:90,0
DA:91,0
DA:92,11
DA:95,11
DA:96,11
DA:97,11
DA:98,11
DA:99,11
DA:100,11
DA:101,11
DA:102,11
DA:103,11
DA:104,11
DA:105,11
DA:106,11
DA:107,11
DA:108,0
DA:109,0
DA:110,0
DA:112,0
DA:113,0
DA:114,0
DA:115,0
DA:116,0
DA:117,0
DA:118,0
DA:119,0
DA:120,0
DA:121,0
DA:122,0
DA:123,0
DA:124,0
DA:125,0
DA:126,11
DA:129,11
DA:130,11
DA:131,11
DA:132,11
DA:133,11
DA:134,11
DA:135,11
DA:136,11
DA:137,11
DA:138,11
DA:139,11
DA:140,11
DA:141,0
DA:142,0
DA:144,0
DA:145,0
DA:146,0
DA:147,0
DA:148,0
DA:149,0
DA:150,0
DA:151,0
DA:152,0
DA:153,0
DA:154,0
DA:155,11
DA:158,11
DA:159,11
DA:160,11
DA:161,11
DA:162,11
DA:163,11
DA:164,11
DA:165,11
DA:166,11
DA:167,11
DA:168,11
DA:169,11
DA:170,11
DA:171,0
DA:172,0
DA:173,0
DA:175,0
DA:176,0
DA:177,0
DA:178,0
DA:179,0
DA:180,0
DA:181,0
DA:182,0
DA:183,0
DA:184,0
DA:185,0
DA:186,0
DA:187,0
DA:188,11
DA:191,11
DA:192,11
DA:193,11
DA:194,11
DA:195,11
DA:196,11
DA:197,11
DA:198,11
DA:199,11
DA:200,11
DA:201,0
DA:202,0
DA:204,0
DA:205,0
DA:206,0
DA:207,0
DA:208,11
DA:215,11
DA:216,11
DA:217,11
DA:218,11
DA:219,11
DA:220,11
DA:221,11
DA:222,11
DA:223,11
DA:224,11
DA:225,0
DA:226,0
DA:227,0
DA:229,0
DA:230,0
DA:231,0
DA:232,0
DA:233,0
DA:235,0
DA:236,0
DA:237,0
DA:238,0
DA:239,11
DA:242,11
DA:243,11
DA:244,11
DA:245,11
DA:246,11
DA:247,11
DA:248,11
DA:249,11
DA:250,11
DA:251,11
DA:252,0
DA:253,0
DA:254,0
DA:256,0
DA:257,0
DA:258,0
DA:259,0
DA:260,0
DA:262,0
DA:263,0
DA:264,0
DA:265,0
DA:266,0
DA:267,0
DA:268,0
DA:269,0
DA:270,11
DA:273,11
DA:274,11
DA:275,11
DA:276,11
DA:277,11
DA:278,11
DA:279,11
DA:280,11
DA:281,11
DA:282,11
DA:283,11
DA:284,11
DA:285,0
DA:286,0
DA:287,0
DA:289,0
DA:290,0
DA:291,0
DA:292,0
DA:293,0
DA:294,0
DA:295,0
DA:296,0
DA:297,0
DA:299,0
DA:300,0
DA:301,0
DA:302,0
DA:303,11
DA:306,11
DA:307,11
DA:308,11
DA:309,11
DA:310,11
DA:311,11
DA:312,11
DA:313,11
DA:314,11
DA:315,11
DA:316,11
DA:317,11
DA:318,11
DA:319,0
DA:320,0
DA:321,0
DA:322,0
DA:324,0
DA:325,0
DA:326,0
DA:327,0
DA:328,0
DA:329,0
DA:330,0
DA:331,0
DA:332,0
DA:333,0
DA:334,11
DA:341,11
DA:342,11
DA:343,11
DA:344,11
DA:345,11
DA:346,11
DA:347,11
DA:348,11
DA:349,11
DA:350,11
DA:351,11
DA:352,11
DA:353,11
DA:354,0
DA:355,0
DA:356,0
DA:358,0
DA:359,0
DA:360,0
DA:361,0
DA:362,11
DA:365,11
DA:366,11
DA:367,11
DA:368,11
DA:369,11
DA:370,11
DA:371,11
DA:372,11
DA:373,11
DA:374,11
DA:375,0
DA:376,0
DA:377,0
DA:379,0
DA:380,0
DA:381,0
DA:382,0
DA:383,0
DA:385,0
DA:386,0
DA:387,0
DA:388,0
DA:389,0
DA:390,0
DA:391,0
DA:392,0
DA:393,0
DA:394,0
DA:395,11
DA:398,11
DA:399,11
DA:400,11
DA:401,11
DA:402,11
DA:403,11
DA:404,11
DA:405,11
DA:406,11
DA:407,11
DA:408,11
DA:409,11
DA:410,11
DA:411,0
DA:412,0
DA:413,0
DA:414,0
DA:416,0
DA:417,0
DA:418,0
DA:419,0
DA:420,0
DA:421,0
DA:422,0
DA:423,0
DA:424,11
DA:431,11
DA:432,11
DA:433,11
DA:434,11
DA:435,11
DA:436,11
DA:437,11
DA:438,11
DA:439,11
DA:440,11
DA:441,11
DA:442,11
DA:443,4
DA:444,4
DA:446,4
DA:447,4
DA:448,4
DA:449,4
DA:450,4
DA:451,4
DA:452,4
DA:453,4
DA:454,11
DA:457,11
DA:458,11
DA:459,11
DA:460,11
DA:461,11
DA:462,11
DA:463,11
DA:464,11
DA:465,11
DA:466,11
DA:467,11
DA:468,3
DA:469,3
DA:471,3
DA:472,3
DA:473,3
DA:474,3
DA:475,3
DA:476,3
DA:477,3
DA:478,3
DA:479,3
DA:480,11
DA:483,11
DA:484,11
DA:485,11
DA:486,11
DA:487,11
DA:488,11
DA:489,11
DA:490,11
DA:491,11
DA:492,11
DA:493,11
DA:494,11
DA:495,3
DA:496,3
DA:497,3
DA:499,3
DA:500,3
DA:501,3
DA:502,3
DA:503,3
DA:504,3
DA:505,3
DA:506,3
DA:507,3
DA:508,11
DA:511,11
DA:512,11
DA:513,11
DA:514,11
DA:515,11
DA:516,11
DA:517,11
DA:518,11
DA:519,11
DA:520,11
DA:521,11
DA:522,11
DA:523,11
DA:524,3
DA:525,3
DA:526,3
DA:528,3
DA:529,3
DA:530,3
DA:531,3
DA:532,3
DA:533,3
DA:534,3
DA:535,3
DA:536,3
DA:537,11
DA:540,11
DA:541,11
DA:542,11
DA:543,11
DA:544,11
DA:545,11
DA:546,11
DA:547,11
DA:548,11
DA:549,11
DA:550,11
DA:551,11
DA:552,11
DA:553,2
DA:554,2
DA:555,2
DA:557,2
DA:558,2
DA:559,2
DA:560,2
DA:561,2
DA:562,2
DA:563,2
DA:564,2
DA:565,2
DA:566,11
DA:569,11
DA:570,11
DA:571,11
DA:572,11
DA:573,11
DA:574,11
DA:575,11
DA:576,11
DA:577,11
DA:578,11
DA:579,11
DA:580,3
DA:581,3
DA:583,3
DA:584,3
DA:585,3
DA:586,3
DA:587,3
DA:588,3
DA:589,3
DA:590,3
DA:591,11
DA:598,11
DA:599,11
DA:600,11
DA:601,11
DA:602,11
DA:603,11
DA:604,11
DA:605,11
DA:606,0
DA:607,0
DA:609,0
DA:610,0
DA:611,0
DA:612,0
DA:613,11
DA:616,11
DA:617,11
DA:618,11
DA:619,11
DA:620,11
DA:621,11
DA:622,11
DA:623,11
DA:624,11
DA:625,11
DA:626,0
DA:627,0
DA:629,0
DA:630,0
DA:631,0
DA:632,0
DA:633,11
DA:636,11
DA:637,11
DA:638,11
DA:639,11
DA:640,11
DA:641,11
DA:642,11
DA:643,11
DA:644,0
DA:645,0
DA:647,0
DA:648,0
DA:649,0
DA:650,0
DA:651,0
DA:652,0
DA:653,0
DA:654,11
DA:657,11
DA:658,11
DA:659,11
DA:660,11
DA:661,11
DA:662,11
DA:663,11
DA:664,11
DA:665,11
DA:666,11
DA:667,11
DA:668,11
DA:669,11
DA:670,11
DA:671,11
DA:672,0
DA:673,0
DA:674,0
DA:675,0
DA:676,0
DA:677,0
DA:679,0
DA:680,0
DA:681,0
DA:682,0
DA:683,0
DA:684,0
DA:685,0
DA:686,11
DA:689,11
DA:690,11
DA:691,11
DA:692,11
DA:693,11
DA:694,11
DA:695,11
DA:696,11
DA:697,11
DA:698,11
DA:699,0
DA:700,0
DA:701,0
DA:702,0
DA:703,0
DA:705,0
DA:706,0
DA:707,0
DA:708,0
DA:709,0
DA:710,0
DA:711,0
DA:712,11
DA:713,11
LF:570
LH:361
BRDA:53,0,0,11
BRDA:442,1,0,4
BRDA:467,2,0,3
BRDA:494,3,0,3
BRDA:501,4,0,2
BRDA:523,5,0,3
BRDA:552,6,0,2
BRDA:579,7,0,3
BRF:8
BRH:8
end_of_record
TN:
SF:src\tools\query.ts
FN:12,matchesFrontmatter
FN:55,hasTag
FN:63,hasAnyTag
FN:70,hasAllTags
FN:77,inFolder
FN:85,sortNotes
FN:118,registerQueryTools
FNF:7
FNH:7
FNDA:162,matchesFrontmatter
FNDA:164,hasTag
FNDA:27,hasAnyTag
FNDA:27,hasAllTags
FNDA:137,inFolder
FNDA:30,sortNotes
FNDA:11,registerQueryTools
DA:1,1
DA:12,162
DA:13,162
DA:14,162
DA:15,162
DA:16,162
DA:17,166
DA:20,166
DA:21,27
DA:22,0
DA:23,0
DA:24,27
DA:25,27
DA:28,166
DA:29,0
DA:30,0
DA:31,0
DA:32,0
DA:33,0
DA:36,166
DA:37,35
DA:38,16
DA:39,16
DA:40,19
DA:41,19
DA:44,104
DA:45,104
DA:46,104
DA:47,166
DA:49,42
DA:50,42
DA:55,164
DA:56,164
DA:57,164
DA:58,164
DA:63,27
DA:64,27
DA:65,27
DA:70,27
DA:71,27
DA:72,27
DA:77,137
DA:78,137
DA:79,137
DA:80,137
DA:85,30
DA:86,30
DA:87,30
DA:88,30
DA:89,30
DA:90,30
DA:92,30
DA:93,1276
DA:95,1276
DA:96,1276
DA:97,1082
DA:98,1082
DA:99,1276
DA:100,102
DA:101,102
DA:102,102
DA:103,102
DA:104,1276
DA:105,92
DA:106,92
DA:107,1276
DA:109,1276
DA:110,30
DA:112,30
DA:113,30
DA:118,1
DA:119,11
DA:120,11
DA:121,11
DA:122,11
DA:124,11
DA:125,11
DA:126,11
DA:127,11
DA:128,11
DA:129,11
DA:130,11
DA:131,11
DA:133,11
DA:134,11
DA:135,11
DA:136,11
DA:137,11
DA:138,11
DA:139,11
DA:140,11
DA:141,11
DA:142,11
DA:143,11
DA:144,11
DA:145,11
DA:146,11
DA:147,11
DA:148,11
DA:176,11
DA:177,11
DA:178,11
DA:179,11
DA:180,11
DA:181,11
DA:182,11
DA:183,11
DA:184,11
DA:185,11
DA:186,11
DA:187,11
DA:188,11
DA:189,11
DA:190,11
DA:191,11
DA:192,11
DA:193,11
DA:194,11
DA:195,11
DA:196,11
DA:197,11
DA:198,11
DA:199,11
DA:200,11
DA:201,11
DA:202,11
DA:203,11
DA:204,11
DA:205,11
DA:206,11
DA:207,11
DA:208,11
DA:209,11
DA:210,11
DA:211,11
DA:212,11
DA:213,11
DA:214,11
DA:215,11
DA:216,11
DA:217,11
DA:218,11
DA:219,11
DA:220,11
DA:221,11
DA:222,11
DA:223,30
DA:224,30
DA:225,30
DA:226,30
DA:227,30
DA:228,30
DA:229,30
DA:230,30
DA:231,30
DA:232,30
DA:235,30
DA:236,30
DA:239,30
DA:242,30
DA:243,6
DA:244,6
DA:246,30
DA:247,4
DA:248,4
DA:250,30
DA:251,1
DA:252,1
DA:254,30
DA:255,1
DA:256,1
DA:258,30
DA:259,6
DA:260,6
DA:262,30
DA:263,4
DA:264,4
DA:265,88
DA:266,4
DA:267,4
DA:270,30
DA:273,30
DA:274,30
DA:277,30
DA:278,247
DA:279,247
DA:280,247
DA:281,247
DA:282,247
DA:283,247
DA:284,30
DA:286,30
DA:287,30
DA:288,30
DA:289,30
DA:290,30
DA:291,30
DA:292,30
DA:293,30
DA:294,30
DA:295,30
DA:296,30
DA:297,30
DA:298,30
DA:299,30
DA:300,30
DA:301,30
DA:303,30
DA:304,30
DA:305,30
DA:306,30
DA:307,30
DA:308,30
DA:309,30
DA:310,30
DA:311,30
DA:312,30
DA:313,11
DA:314,11
LF:219
LH:212
BRDA:12,0,0,162
BRDA:16,1,0,166
BRDA:20,2,0,139
BRDA:20,3,0,27
BRDA:21,4,0,0
BRDA:25,5,0,139
BRDA:28,6,0,0
BRDA:33,7,0,139
BRDA:36,8,0,112
BRDA:36,9,0,35
BRDA:37,10,0,16
BRDA:39,11,0,19
BRDA:41,12,0,104
BRDA:47,13,0,42
BRDA:55,14,0,164
BRDA:57,15,0,35
BRDA:63,16,0,27
BRDA:64,17,0,52
BRDA:70,18,0,27
BRDA:71,19,0,27
BRDA:77,20,0,137
BRDA:78,21,0,27
BRDA:78,22,0,110
BRDA:79,23,0,109
BRDA:85,24,0,30
BRDA:92,25,0,1276
BRDA:96,26,0,1082
BRDA:99,27,0,102
BRDA:100,28,0,0
BRDA:101,29,0,0
BRDA:104,30,0,92
BRDA:109,31,0,1092
BRDA:109,32,0,184
BRDA:118,33,0,11
BRDA:222,34,0,30
BRDA:242,35,0,6
BRDA:242,36,0,6
BRDA:246,37,0,4
BRDA:250,38,0,2
BRDA:250,39,0,1
BRDA:254,40,0,1
BRDA:254,41,0,1
BRDA:258,42,0,6
BRDA:262,43,0,4
BRDA:243,44,0,162
BRDA:247,45,0,85
BRDA:251,46,0,27
BRDA:255,47,0,27
BRDA:259,48,0,137
BRDA:264,49,0,88
BRDA:277,50,0,247
BRF:51
BRH:47
end_of_record
TN:
SF:src\tools\schema.ts
FN:93,getValueType
FN:116,getFolder
FN:124,getNotesInFolder
FN:137,detectNamingPattern
FN:178,inferFolderConventions
FN:328,findIncompleteNotes
FN:410,suggestFieldValues
FN:525,registerSchemaTools
FNF:8
FNH:8
FNDA:872,getValueType
FNDA:121,getFolder
FNDA:52,getNotesInFolder
FNDA:37,detectNamingPattern
FNDA:39,inferFolderConventions
FNDA:12,findIncompleteNotes
FNDA:13,suggestFieldValues
FNDA:11,registerSchemaTools
DA:1,1
DA:93,872
DA:94,872
DA:95,872
DA:96,872
DA:98,43
DA:99,0
DA:100,0
DA:101,43
DA:102,43
DA:103,872
DA:105,690
DA:107,690
DA:108,690
DA:109,872
DA:110,599
DA:111,599
DA:116,121
DA:117,121
DA:118,121
DA:119,121
DA:124,52
DA:125,52
DA:126,52
DA:127,348
DA:128,227
DA:129,227
DA:130,348
DA:131,52
DA:132,52
DA:137,37
DA:138,37
DA:140,35
DA:141,183
DA:142,183
DA:143,35
DA:146,35
DA:147,35
DA:148,37
DA:150,0
DA:151,0
DA:152,0
DA:153,0
DA:154,0
DA:155,0
DA:156,0
DA:159,35
DA:160,35
DA:161,37
DA:162,0
DA:163,0
DA:164,0
DA:165,0
DA:166,0
DA:168,35
DA:169,35
DA:178,1
DA:179,39
DA:180,39
DA:181,39
DA:182,39
DA:183,39
DA:184,39
DA:186,39
DA:187,2
DA:188,2
DA:189,2
DA:190,2
DA:191,2
DA:192,2
DA:193,2
DA:194,2
DA:195,2
DA:198,37
DA:199,37
DA:200,37
DA:201,37
DA:204,37
DA:209,37
DA:211,39
DA:212,187
DA:213,836
DA:214,259
DA:215,259
DA:216,259
DA:217,259
DA:218,259
DA:219,259
DA:220,259
DA:222,836
DA:223,836
DA:225,836
DA:226,836
DA:229,836
DA:230,836
DA:233,836
DA:234,722
DA:235,722
DA:236,836
DA:237,187
DA:240,37
DA:242,39
DA:243,259
DA:246,259
DA:249,208
DA:250,208
DA:251,208
DA:252,208
DA:253,208
DA:254,208
DA:255,208
DA:256,208
DA:259,208
DA:260,259
DA:263,259
DA:264,259
DA:265,32
DA:266,32
DA:267,32
DA:268,32
DA:269,32
DA:272,208
DA:273,208
DA:275,208
DA:276,208
DA:277,208
DA:278,208
DA:279,208
DA:280,208
DA:281,208
DA:282,208
DA:283,208
DA:284,208
DA:287,37
DA:290,37
DA:293,37
DA:294,39
DA:295,3
DA:296,3
DA:297,3
DA:298,3
DA:299,3
DA:300,3
DA:303,37
DA:304,39
DA:305,3
DA:306,3
DA:307,3
DA:308,3
DA:309,3
DA:310,3
DA:313,37
DA:315,37
DA:316,39
DA:317,39
DA:318,39
DA:319,39
DA:320,39
DA:321,39
DA:322,39
DA:323,39
DA:328,1
DA:329,12
DA:330,12
DA:331,12
DA:332,12
DA:333,12
DA:334,12
DA:336,12
DA:337,12
DA:340,12
DA:341,12
DA:342,12
DA:344,12
DA:345,1
DA:346,1
DA:347,1
DA:348,1
DA:349,1
DA:350,1
DA:351,1
DA:354,11
DA:356,12
DA:357,37
DA:358,37
DA:360,37
DA:361,252
DA:363,34
DA:364,34
DA:367,34
DA:368,0
DA:369,0
DA:370,0
DA:372,34
DA:373,34
DA:374,34
DA:375,34
DA:376,34
DA:377,34
DA:378,34
DA:379,34
DA:380,252
DA:382,37
DA:383,10
DA:384,10
DA:385,10
DA:386,10
DA:387,10
DA:388,10
DA:389,10
DA:390,10
DA:391,37
DA:394,11
DA:397,11
DA:399,11
DA:400,12
DA:401,12
DA:402,12
DA:403,12
DA:404,12
DA:405,12
DA:410,1
DA:411,13
DA:412,13
DA:413,13
DA:417,13
DA:418,13
DA:419,1
DA:420,12
DA:423,13
DA:427,13
DA:429,13
DA:430,13
DA:431,13
DA:433,13
DA:434,63
DA:435,63
DA:437,36
DA:439,36
DA:440,63
DA:443,63
DA:445,63
DA:446,36
DA:448,36
DA:449,24
DA:450,24
DA:451,24
DA:452,24
DA:453,24
DA:454,24
DA:456,36
DA:457,36
DA:458,36
DA:459,36
DA:460,36
DA:461,36
DA:462,36
DA:465,13
DA:466,13
DA:467,12
DA:468,12
DA:469,12
DA:470,12
DA:471,12
DA:474,13
DA:475,13
DA:476,24
DA:477,24
DA:478,24
DA:481,24
DA:483,2
DA:484,3
DA:485,3
DA:487,3
DA:488,3
DA:489,3
DA:490,3
DA:491,3
DA:492,3
DA:493,3
DA:494,3
DA:495,2
DA:497,24
DA:498,24
DA:499,24
DA:500,24
DA:501,24
DA:502,24
DA:503,24
DA:504,13
DA:505,13
DA:506,13
DA:508,13
DA:510,13
DA:511,13
DA:512,13
DA:513,13
DA:514,13
DA:515,13
DA:516,13
DA:525,1
DA:526,11
DA:527,11
DA:528,11
DA:529,11
DA:531,11
DA:532,11
DA:533,11
DA:534,11
DA:535,11
DA:536,11
DA:537,11
DA:538,11
DA:539,11
DA:540,11
DA:541,11
DA:542,11
DA:543,1
DA:544,1
DA:545,1
DA:546,1
DA:547,1
DA:548,1
DA:550,1
DA:551,1
DA:552,1
DA:553,1
DA:554,1
DA:555,1
DA:556,1
DA:557,1
DA:558,1
DA:559,11
DA:562,11
DA:563,11
DA:564,11
DA:565,11
DA:566,11
DA:567,11
DA:568,11
DA:569,11
DA:570,11
DA:571,11
DA:572,11
DA:573,11
DA:574,11
DA:575,11
DA:576,1
DA:577,1
DA:578,1
DA:579,1
DA:580,1
DA:581,1
DA:582,1
DA:583,1
DA:585,1
DA:586,1
DA:587,1
DA:588,1
DA:589,1
DA:590,1
DA:591,1
DA:592,1
DA:593,1
DA:594,11
DA:597,11
DA:598,11
DA:599,11
DA:600,11
DA:601,11
DA:602,11
DA:603,11
DA:604,11
DA:605,11
DA:606,11
DA:607,11
DA:608,11
DA:609,11
DA:610,1
DA:611,1
DA:612,1
DA:613,1
DA:614,1
DA:616,1
DA:617,1
DA:618,1
DA:619,1
DA:620,1
DA:621,1
DA:622,1
DA:623,1
DA:624,1
DA:625,11
DA:626,11
LF:394
LH:377
BRDA:93,0,0,872
BRDA:94,1,0,0
BRDA:95,2,0,0
BRDA:96,3,0,43
BRDA:98,4,0,0
BRDA:102,5,0,829
BRDA:103,6,0,690
BRDA:105,7,0,105
BRDA:105,8,0,585
BRDA:107,9,0,0
BRDA:108,10,0,724
BRDA:109,11,0,125
BRDA:109,12,0,599
BRDA:98,13,0,90
BRDA:116,14,0,121
BRDA:118,15,0,10
BRDA:118,16,0,111
BRDA:124,17,0,52
BRDA:126,18,0,348
BRDA:127,19,0,242
BRDA:127,20,0,121
BRDA:127,21,0,227
BRDA:137,22,0,37
BRDA:138,23,0,2
BRDA:138,24,0,35
BRDA:148,25,0,0
BRDA:156,26,0,35
BRDA:161,27,0,0
BRDA:166,28,0,35
BRDA:140,29,0,183
BRDA:142,30,0,30
BRDA:142,31,0,153
BRDA:147,32,0,183
BRDA:160,33,0,183
BRDA:178,34,0,39
BRDA:186,35,0,2
BRDA:188,36,0,0
BRDA:195,37,0,37
BRDA:211,38,0,187
BRDA:212,39,0,836
BRDA:213,40,0,259
BRDA:226,41,0,262
BRDA:230,42,0,674
BRDA:233,43,0,722
BRDA:237,44,0,37
BRDA:242,45,0,259
BRDA:246,46,0,51
BRDA:246,47,0,208
BRDA:260,48,0,205
BRDA:264,49,0,32
BRDA:269,50,0,208
BRDA:284,51,0,37
BRDA:294,52,0,3
BRDA:300,53,0,37
BRDA:304,54,0,3
BRDA:310,55,0,37
BRDA:316,56,0,6
BRDA:199,57,0,187
BRDA:266,58,0,3
BRDA:268,59,0,35
BRDA:287,60,0,187
BRDA:304,61,0,112
BRDA:328,62,0,12
BRDA:344,63,0,1
BRDA:346,64,0,0
BRDA:351,65,0,11
BRDA:356,66,0,37
BRDA:360,67,0,252
BRDA:361,68,0,34
BRDA:367,69,0,0
BRDA:367,70,0,0
BRDA:382,71,0,10
BRDA:391,72,0,11
BRDA:400,73,0,2
BRDA:341,74,0,72
BRDA:394,75,0,8
BRDA:410,76,0,13
BRDA:418,77,0,3
BRDA:418,78,0,1
BRDA:419,79,0,12
BRDA:433,80,0,63
BRDA:435,81,0,27
BRDA:435,82,0,36
BRDA:440,83,0,12
BRDA:443,84,0,0
BRDA:443,85,0,36
BRDA:445,86,0,36
BRDA:448,87,0,24
BRDA:466,88,0,12
BRDA:475,89,0,24
BRDA:481,90,0,6
BRDA:481,91,0,2
BRDA:483,92,0,3
BRDA:485,93,0,0
BRDA:505,94,0,12
BRDA:525,95,0,11
BRDA:542,96,0,1
BRDA:575,97,0,1
BRDA:580,98,0,0
BRDA:609,99,0,1
BRF:100
BRH:87
end_of_record
TN:
SF:src\tools\structure.ts
FN:41,extractHeadings
FN:74,buildSections
FN:112,getNoteStructure
FN:149,getHeadings
FN:172,getSectionContent
FN:242,findSections
FNF:6
FNH:0
FNDA:0,extractHeadings
FNDA:0,buildSections
FNDA:0,getNoteStructure
FNDA:0,getHeadings
FNDA:0,getSectionContent
FNDA:0,findSections
DA:1,1
DA:36,1
DA:41,0
DA:42,0
DA:43,0
DA:45,0
DA:47,0
DA:48,0
DA:51,0
DA:52,0
DA:53,0
DA:54,0
DA:56,0
DA:58,0
DA:59,0
DA:60,0
DA:61,0
DA:62,0
DA:63,0
DA:64,0
DA:65,0
DA:66,0
DA:68,0
DA:69,0
DA:74,0
DA:75,0
DA:77,0
DA:78,0
DA:80,0
DA:81,0
DA:82,0
DA:83,0
DA:85,0
DA:86,0
DA:87,0
DA:88,0
DA:89,0
DA:90,0
DA:93,0
DA:94,0
DA:95,0
DA:97,0
DA:98,0
DA:99,0
DA:100,0
DA:101,0
DA:103,0
DA:104,0
DA:106,0
DA:107,0
DA:112,0
DA:113,0
DA:114,0
DA:115,0
DA:116,0
DA:117,0
DA:118,0
DA:120,0
DA:122,0
DA:123,0
DA:124,0
DA:125,0
DA:126,0
DA:127,0
DA:129,0
DA:130,0
DA:131,0
DA:134,0
DA:135,0
DA:137,0
DA:138,0
DA:139,0
DA:140,0
DA:141,0
DA:142,0
DA:143,0
DA:144,0
DA:149,0
DA:150,0
DA:151,0
DA:152,0
DA:153,0
DA:154,0
DA:155,0
DA:157,0
DA:159,0
DA:160,0
DA:161,0
DA:162,0
DA:163,0
DA:164,0
DA:166,0
DA:167,0
DA:172,0
DA:173,0
DA:174,0
DA:175,0
DA:176,0
DA:177,0
DA:184,0
DA:185,0
DA:186,0
DA:188,0
DA:190,0
DA:191,0
DA:192,0
DA:193,0
DA:194,0
DA:195,0
DA:197,0
DA:198,0
DA:201,0
DA:202,0
DA:203,0
DA:205,0
DA:208,0
DA:210,0
DA:211,0
DA:212,0
DA:214,0
DA:215,0
DA:216,0
DA:217,0
DA:218,0
DA:220,0
DA:221,0
DA:222,0
DA:223,0
DA:224,0
DA:227,0
DA:228,0
DA:230,0
DA:231,0
DA:232,0
DA:233,0
DA:234,0
DA:235,0
DA:236,0
DA:237,0
DA:242,0
DA:243,0
DA:244,0
DA:245,0
DA:246,0
DA:252,0
DA:253,0
DA:254,0
DA:259,0
DA:261,0
DA:262,0
DA:264,0
DA:266,0
DA:267,0
DA:268,0
DA:269,0
DA:270,0
DA:271,0
DA:273,0
DA:275,0
DA:276,0
DA:277,0
DA:278,0
DA:279,0
DA:280,0
DA:281,0
DA:282,0
DA:283,0
DA:284,0
DA:285,0
DA:287,0
DA:288,0
LF:171
LH:2
BRF:0
BRH:0
end_of_record
TN:
SF:src\tools\system.ts
FN:15,registerSystemTools
FNF:1
FNH:1
FNDA:11,registerSystemTools
DA:1,1
DA:15,1
DA:16,11
DA:17,11
DA:18,11
DA:19,11
DA:20,11
DA:22,11
DA:23,11
DA:24,11
DA:25,11
DA:26,11
DA:27,11
DA:36,11
DA:37,11
DA:38,11
DA:39,11
DA:40,11
DA:41,11
DA:42,11
DA:43,11
DA:44,11
DA:45,11
DA:48,0
DA:49,0
DA:50,0
DA:52,0
DA:53,0
DA:54,0
DA:56,0
DA:57,0
DA:58,0
DA:59,0
DA:60,0
DA:61,0
DA:63,0
DA:64,0
DA:65,0
DA:66,0
DA:67,0
DA:68,0
DA:69,0
DA:70,0
DA:71,0
DA:72,0
DA:73,0
DA:74,0
DA:75,0
DA:76,0
DA:77,0
DA:78,0
DA:80,0
DA:81,0
DA:82,0
DA:83,0
DA:84,0
DA:85,0
DA:86,0
DA:87,0
DA:88,0
DA:89,0
DA:90,0
DA:91,11
DA:94,11
DA:95,11
DA:96,11
DA:97,11
DA:98,11
DA:99,11
DA:100,11
DA:101,11
DA:102,11
DA:103,11
DA:104,11
DA:105,11
DA:116,11
DA:117,11
DA:118,11
DA:119,11
DA:120,11
DA:121,11
DA:122,11
DA:123,11
DA:124,11
DA:125,11
DA:126,11
DA:127,11
DA:128,11
DA:129,11
DA:130,11
DA:131,11
DA:132,11
DA:133,11
DA:134,11
DA:135,0
DA:136,0
DA:137,0
DA:140,0
DA:141,0
DA:143,0
DA:144,0
DA:147,0
DA:148,0
DA:149,0
DA:150,0
DA:151,0
DA:152,0
DA:155,0
DA:156,0
DA:157,0
DA:158,0
DA:159,0
DA:160,0
DA:161,0
DA:162,0
DA:163,0
DA:164,0
DA:167,0
DA:170,0
DA:172,0
DA:173,0
DA:174,0
DA:175,0
DA:177,0
DA:178,0
DA:179,0
DA:180,0
DA:181,0
DA:182,0
DA:183,0
DA:184,0
DA:185,0
DA:186,0
DA:187,11
DA:190,11
DA:191,11
DA:192,11
DA:193,11
DA:194,11
DA:195,11
DA:196,11
DA:197,11
DA:198,11
DA:199,11
DA:200,11
DA:201,11
DA:202,11
DA:203,11
DA:216,11
DA:217,11
DA:218,11
DA:219,11
DA:220,11
DA:221,11
DA:222,11
DA:223,11
DA:224,11
DA:225,11
DA:226,11
DA:227,11
DA:228,11
DA:229,11
DA:230,11
DA:231,11
DA:232,11
DA:233,11
DA:234,11
DA:235,11
DA:236,0
DA:237,0
DA:238,0
DA:239,0
DA:242,0
DA:243,0
DA:244,0
DA:245,0
DA:247,0
DA:253,0
DA:255,0
DA:257,0
DA:258,0
DA:259,0
DA:262,0
DA:263,0
DA:264,0
DA:265,0
DA:266,0
DA:267,0
DA:268,0
DA:269,0
DA:270,0
DA:271,0
DA:274,0
DA:275,0
DA:276,0
DA:279,0
DA:281,0
DA:282,0
DA:283,0
DA:284,0
DA:285,0
DA:286,0
DA:287,0
DA:288,0
DA:289,0
DA:290,0
DA:292,0
DA:293,0
DA:294,0
DA:295,0
DA:296,0
DA:297,0
DA:298,0
DA:299,0
DA:300,0
DA:301,0
DA:302,11
DA:305,11
DA:306,11
DA:307,11
DA:308,11
DA:309,11
DA:310,11
DA:311,11
DA:312,11
DA:313,11
DA:314,11
DA:315,11
DA:316,11
DA:317,11
DA:318,11
DA:319,11
DA:320,11
DA:321,11
DA:334,11
DA:335,11
DA:336,11
DA:337,11
DA:338,11
DA:339,11
DA:340,11
DA:341,11
DA:342,11
DA:343,11
DA:344,11
DA:345,11
DA:346,11
DA:347,11
DA:348,11
DA:349,11
DA:350,11
DA:351,11
DA:352,0
DA:353,0
DA:354,0
DA:357,0
DA:358,0
DA:359,0
DA:362,0
DA:363,0
DA:365,0
DA:369,0
DA:372,0
DA:374,0
DA:375,0
DA:376,0
DA:378,0
DA:379,0
DA:380,0
DA:381,0
DA:383,0
DA:384,0
DA:387,0
DA:388,0
DA:389,0
DA:390,0
DA:394,0
DA:395,0
DA:396,0
DA:397,0
DA:398,0
DA:399,0
DA:400,0
DA:403,0
DA:404,0
DA:405,0
DA:406,0
DA:407,0
DA:409,0
DA:410,0
DA:411,0
DA:412,0
DA:413,0
DA:415,0
DA:417,0
DA:418,0
DA:419,0
DA:420,0
DA:422,0
DA:423,0
DA:424,0
DA:425,0
DA:426,0
DA:427,0
DA:429,0
DA:430,0
DA:431,0
DA:432,0
DA:433,0
DA:434,0
DA:435,0
DA:436,0
DA:437,0
DA:438,0
DA:439,11
DA:442,11
DA:443,11
DA:444,11
DA:445,11
DA:446,11
DA:447,11
DA:448,11
DA:449,11
DA:450,11
DA:451,11
DA:452,11
DA:453,11
DA:454,11
DA:470,11
DA:471,11
DA:472,11
DA:473,11
DA:474,11
DA:475,11
DA:476,11
DA:477,11
DA:478,11
DA:479,11
DA:480,11
DA:481,11
DA:482,11
DA:483,11
DA:484,11
DA:485,11
DA:486,1
DA:487,1
DA:488,1
DA:491,1
DA:492,1
DA:493,1
DA:496,1
DA:497,1
DA:498,1
DA:499,1
DA:500,0
DA:501,1
DA:502,1
DA:503,1
DA:504,1
DA:506,1
DA:508,1
DA:509,1
DA:510,1
DA:511,1
DA:512,1
DA:513,1
DA:514,1
DA:515,1
DA:516,1
DA:517,1
DA:518,1
DA:519,1
DA:521,1
DA:522,1
DA:523,1
DA:524,1
DA:525,1
DA:526,1
DA:527,1
DA:528,1
DA:529,1
DA:530,1
DA:533,0
DA:534,0
DA:537,1
DA:538,1
DA:539,0
DA:540,0
DA:541,0
DA:542,0
DA:543,0
DA:545,0
DA:546,0
DA:548,0
DA:549,0
DA:550,0
DA:551,0
DA:552,0
DA:553,0
DA:554,0
DA:555,0
DA:556,0
DA:557,0
DA:558,1
DA:559,1
DA:560,1
DA:562,1
DA:563,1
DA:564,1
DA:565,1
DA:566,1
DA:567,1
DA:568,1
DA:569,1
DA:570,1
DA:571,1
DA:572,11
DA:575,11
DA:576,11
DA:577,11
DA:578,11
DA:579,11
DA:580,11
DA:581,11
DA:582,11
DA:583,11
DA:584,11
DA:585,11
DA:586,11
DA:597,11
DA:598,11
DA:599,11
DA:600,11
DA:601,11
DA:602,11
DA:603,11
DA:604,11
DA:605,11
DA:606,11
DA:609,0
DA:610,0
DA:613,0
DA:614,0
DA:616,0
DA:617,0
DA:620,0
DA:621,0
DA:622,0
DA:623,0
DA:626,0
DA:627,0
DA:630,0
DA:631,0
DA:632,0
DA:634,0
DA:635,0
DA:636,0
DA:637,0
DA:640,0
DA:641,0
DA:642,0
DA:643,0
DA:644,0
DA:647,0
DA:651,0
DA:653,0
DA:654,0
DA:655,0
DA:656,0
DA:657,0
DA:658,0
DA:659,0
DA:662,0
DA:664,0
DA:665,0
DA:666,0
DA:667,0
DA:669,0
DA:670,0
DA:671,0
DA:672,0
DA:673,0
DA:674,0
DA:675,0
DA:676,0
DA:677,0
DA:678,0
DA:679,11
DA:680,11
LF:489
LH:233
BRDA:15,0,0,11
BRDA:485,1,0,1
BRDA:499,2,0,0
BRDA:511,3,0,0
BRDA:530,4,0,0
BRDA:538,5,0,0
BRF:6
BRH:2
end_of_record
TN:
SF:src\tools\tasks.ts
FN:38,parseStatus
FN:47,extractTags
FN:60,extractDueDate
FN:68,extractTasksFromNote
FN:127,getAllTasks
FN:187,getTasksFromNote
FN:202,getTasksWithDueDates
FN:228,getTasksByContext
FNF:8
FNH:0
FNDA:0,parseStatus
FNDA:0,extractTags
FNDA:0,extractDueDate
FNDA:0,extractTasksFromNote
FNDA:0,getAllTasks
FNDA:0,getTasksFromNote
FNDA:0,getTasksWithDueDates
FNDA:0,getTasksByContext
DA:1,1
DA:24,1
DA:27,1
DA:30,1
DA:33,1
DA:38,0
DA:39,0
DA:40,0
DA:41,0
DA:42,0
DA:47,0
DA:48,0
DA:49,0
DA:50,0
DA:51,0
DA:52,0
DA:53,0
DA:54,0
DA:55,0
DA:60,0
DA:61,0
DA:62,0
DA:63,0
DA:68,0
DA:69,0
DA:70,0
DA:71,0
DA:72,0
DA:73,0
DA:74,0
DA:75,0
DA:76,0
DA:77,0
DA:79,0
DA:80,0
DA:81,0
DA:82,0
DA:84,0
DA:85,0
DA:88,0
DA:89,0
DA:90,0
DA:91,0
DA:93,0
DA:96,0
DA:97,0
DA:98,0
DA:99,0
DA:100,0
DA:103,0
DA:104,0
DA:105,0
DA:106,0
DA:108,0
DA:109,0
DA:110,0
DA:111,0
DA:112,0
DA:113,0
DA:114,0
DA:115,0
DA:116,0
DA:117,0
DA:118,0
DA:119,0
DA:121,0
DA:122,0
DA:127,0
DA:128,0
DA:129,0
DA:130,0
DA:135,0
DA:142,0
DA:143,0
DA:145,0
DA:147,0
DA:149,0
DA:151,0
DA:152,0
DA:153,0
DA:154,0
DA:157,0
DA:158,0
DA:159,0
DA:160,0
DA:163,0
DA:164,0
DA:165,0
DA:168,0
DA:169,0
DA:170,0
DA:173,0
DA:175,0
DA:176,0
DA:177,0
DA:178,0
DA:179,0
DA:180,0
DA:181,0
DA:182,0
DA:187,0
DA:188,0
DA:189,0
DA:190,0
DA:191,0
DA:192,0
DA:193,0
DA:195,0
DA:196,0
DA:197,0
DA:202,0
DA:203,0
DA:204,0
DA:205,0
DA:208,0
DA:209,0
DA:210,0
DA:212,0
DA:215,0
DA:216,0
DA:217,0
DA:219,0
DA:220,0
DA:221,0
DA:222,0
DA:223,0
DA:228,0
DA:229,0
DA:230,0
DA:231,0
DA:232,0
DA:233,0
DA:235,0
DA:237,0
DA:238,0
DA:240,0
DA:241,0
DA:242,0
DA:244,0
DA:246,0
DA:247,0
DA:248,0
DA:249,0
DA:250,0
DA:251,0
DA:253,0
DA:254,0
LF:147
LH:5
BRF:0
BRH:0
end_of_record
TN:
SF:src\tools\temporal.ts
FN:13,getNotesModifiedOn
FN:51,getNotesInRange
FN:91,getStaleNotes
FN:145,getContemporaneousNotes
FN:192,getActivitySummary
FNF:5
FNH:0
FNDA:0,getNotesModifiedOn
FNDA:0,getNotesInRange
FNDA:0,getStaleNotes
FNDA:0,getContemporaneousNotes
FNDA:0,getActivitySummary
DA:1,1
DA:13,1
DA:14,0
DA:15,0
DA:21,0
DA:22,0
DA:23,0
DA:25,0
DA:30,0
DA:32,0
DA:33,0
DA:34,0
DA:35,0
DA:36,0
DA:37,0
DA:38,0
DA:39,0
DA:40,0
DA:41,0
DA:42,0
DA:45,0
DA:46,0
DA:51,1
DA:52,0
DA:53,0
DA:54,0
DA:60,0
DA:61,0
DA:62,0
DA:64,0
DA:65,0
DA:67,0
DA:72,0
DA:74,0
DA:75,0
DA:76,0
DA:77,0
DA:78,0
DA:79,0
DA:80,0
DA:81,0
DA:82,0
DA:83,0
DA:85,0
DA:86,0
DA:91,1
DA:92,0
DA:93,0
DA:94,0
DA:101,0
DA:102,0
DA:103,0
DA:105,0
DA:111,0
DA:113,0
DA:114,0
DA:115,0
DA:117,0
DA:118,0
DA:119,0
DA:120,0
DA:122,0
DA:123,0
DA:124,0
DA:125,0
DA:126,0
DA:127,0
DA:128,0
DA:129,0
DA:130,0
DA:131,0
DA:134,0
DA:135,0
DA:136,0
DA:137,0
DA:138,0
DA:139,0
DA:140,0
DA:145,1
DA:146,0
DA:147,0
DA:148,0
DA:154,0
DA:155,0
DA:156,0
DA:157,0
DA:158,0
DA:160,0
DA:161,0
DA:163,0
DA:168,0
DA:170,0
DA:171,0
DA:173,0
DA:175,0
DA:176,0
DA:177,0
DA:178,0
DA:179,0
DA:180,0
DA:181,0
DA:182,0
DA:183,0
DA:186,0
DA:187,0
DA:192,1
DA:193,0
DA:194,0
DA:201,0
DA:202,0
DA:203,0
DA:204,0
DA:206,0
DA:207,0
DA:208,0
DA:210,0
DA:211,0
DA:212,0
DA:213,0
DA:214,0
DA:215,0
DA:217,0
DA:218,0
DA:219,0
DA:220,0
DA:223,0
DA:224,0
DA:225,0
DA:226,0
DA:227,0
DA:228,0
DA:229,0
DA:230,0
DA:232,0
DA:233,0
DA:234,0
DA:235,0
DA:236,0
DA:237,0
DA:238,0
DA:239,0
LF:141
LH:6
BRF:0
BRH:0
end_of_record
TN:
SF:src\tools\wikilinks.ts
FN:27,findEntityMatches
FN:61,shouldSkip
FN:80,markMatched
FN:130,registerWikilinkTools
FN:233,findSimilarEntity
FNF:5
FNH:5
FNDA:23,findEntityMatches
FNDA:48,shouldSkip
FNDA:23,markMatched
FNDA:11,registerWikilinkTools
FNDA:26,findSimilarEntity
DA:1,1
DA:27,23
DA:28,23
DA:31,23
DA:32,23
DA:33,23
DA:36,23
DA:39,23
DA:40,23
DA:41,23
DA:42,1
DA:43,1
DA:46,23
DA:47,23
DA:48,2
DA:49,2
DA:52,23
DA:53,23
DA:54,1
DA:55,1
DA:58,23
DA:61,23
DA:63,48
DA:64,4
DA:65,4
DA:66,4
DA:67,4
DA:70,48
DA:71,239
DA:72,21
DA:73,21
DA:74,239
DA:76,23
DA:77,48
DA:80,23
DA:81,23
DA:82,218
DA:83,218
DA:84,23
DA:87,23
DA:89,23
DA:90,1150
DA:91,1150
DA:93,1150
DA:94,1153
DA:95,1153
DA:97,53
DA:100,1153
DA:101,1153
DA:102,1153
DA:103,1153
DA:105,1153
DA:107,23
DA:109,23
DA:110,23
DA:111,23
DA:112,23
DA:113,23
DA:114,23
DA:116,23
DA:117,23
DA:119,53
DA:120,53
DA:121,1150
DA:124,23
DA:125,23
DA:130,1
DA:131,11
DA:132,11
DA:133,11
DA:134,11
DA:136,11
DA:137,11
DA:138,11
DA:139,11
DA:140,11
DA:141,11
DA:143,11
DA:144,11
DA:145,11
DA:146,11
DA:147,11
DA:148,11
DA:157,11
DA:158,11
DA:159,11
DA:160,11
DA:161,11
DA:162,11
DA:163,11
DA:164,11
DA:165,11
DA:166,11
DA:167,11
DA:168,11
DA:169,11
DA:170,11
DA:173,23
DA:174,23
DA:175,23
DA:176,23
DA:178,23
DA:179,23
DA:180,23
DA:181,23
DA:182,23
DA:183,23
DA:185,23
DA:186,23
DA:187,23
DA:188,23
DA:189,23
DA:190,23
DA:191,23
DA:192,23
DA:193,23
DA:194,23
DA:195,11
DA:198,11
DA:199,11
DA:200,11
DA:201,11
DA:202,11
DA:203,11
DA:205,11
DA:206,11
DA:207,11
DA:208,11
DA:209,11
DA:210,11
DA:211,11
DA:212,11
DA:233,11
DA:234,26
DA:237,26
DA:238,1300
DA:239,0
DA:240,0
DA:241,1300
DA:244,26
DA:245,1198
DA:246,6
DA:247,6
DA:248,1198
DA:250,20
DA:251,26
DA:253,11
DA:254,11
DA:255,11
DA:256,11
DA:257,11
DA:258,11
DA:259,11
DA:260,11
DA:261,11
DA:262,11
DA:263,11
DA:264,11
DA:265,11
DA:266,11
DA:267,11
DA:268,11
DA:269,11
DA:272,8
DA:273,8
DA:274,8
DA:275,8
DA:276,8
DA:279,8
DA:280,8
DA:282,5
DA:283,5
DA:284,0
DA:285,0
DA:286,0
DA:287,0
DA:288,0
DA:289,0
DA:290,0
DA:291,5
DA:292,8
DA:293,3
DA:294,3
DA:297,8
DA:298,86
DA:299,86
DA:301,86
DA:302,73
DA:304,73
DA:305,73
DA:306,47
DA:307,73
DA:309,26
DA:311,26
DA:312,26
DA:313,26
DA:314,26
DA:315,26
DA:316,26
DA:317,26
DA:318,73
DA:319,85
DA:321,8
DA:323,8
DA:324,8
DA:325,8
DA:326,8
DA:327,8
DA:328,8
DA:329,8
DA:330,8
DA:332,8
DA:333,8
DA:334,8
DA:335,8
DA:336,8
DA:337,8
DA:338,8
DA:339,8
DA:340,8
DA:341,8
DA:342,11
DA:343,11
LF:223
LH:214
BRDA:27,0,0,23
BRDA:41,1,0,1
BRDA:47,2,0,2
BRDA:53,3,0,1
BRDA:89,4,0,1150
BRDA:93,5,0,1153
BRDA:95,6,0,1100
BRDA:95,7,0,1103
BRDA:95,8,0,53
BRDA:100,9,0,42
BRDA:100,10,0,11
BRDA:101,11,0,50
BRDA:101,12,0,3
BRDA:105,13,0,50
BRDA:105,14,0,48
BRDA:105,15,0,23
BRDA:117,16,0,53
BRDA:32,17,0,1150
BRDA:33,18,0,5152
BRDA:61,19,0,48
BRDA:63,20,0,4
BRDA:67,21,0,44
BRDA:70,22,0,239
BRDA:71,23,0,21
BRDA:74,24,0,23
BRDA:80,25,0,23
BRDA:81,26,0,218
BRDA:124,27,0,12
BRDA:130,28,0,11
BRDA:170,29,0,23
BRDA:233,30,0,26
BRDA:237,31,0,1300
BRDA:238,32,0,0
BRDA:244,33,0,1198
BRDA:245,34,0,1192
BRDA:245,35,0,6
BRDA:248,36,0,20
BRDA:269,37,0,8
BRDA:280,38,0,5
BRDA:283,39,0,0
BRDA:292,40,0,3
BRDA:297,41,0,86
BRDA:299,42,0,1
BRDA:299,43,0,85
BRDA:301,44,0,73
BRDA:305,45,0,47
BRDA:307,46,0,26
BRDA:318,47,0,85
BRDA:324,48,0,3
BRF:49
BRH:47
end_of_record
